Added Component: Designator=U8(RFM95)
Add component (AddParameter): Name = "Case/Package"; Value = "SMD/SMT"; VariantName = "[No Variations]"
Add component (AddParameter): Name = "Category"; Value = "RF Receivers, Transceivers"; VariantName = "[No Variations]"
Add component (AddParameter): Name = "ComponentLink1Description"; Value = "https://datasheet.ciiva.com/67679/1463993415rfm95-96-97-98w-67679566.pdf?src-supplier=Digi-Key"; VariantName = "[No Variations]"
Add component (AddParameter): Name = "ComponentLink1URL"; Value = "https://datasheet.ciiva.com/67679/1463993415rfm95-96-97-98w-67679566.pdf?src-supplier=Digi-Key"; VariantName = "[No Variations]"
Add component (AddParameter): Name = "Current - Receiving"; Value = "12.1mA"; VariantName = "[No Variations]"
Add component (AddParameter): Name = "Current - Transmitting"; Value = "120mA"; VariantName = "[No Variations]"
Add component (AddParameter): Name = "Data Rate"; Value = "300Kbps"; VariantName = "[No Variations]"
Add component (AddParameter): Name = "Frequency"; Value = "915MHz"; VariantName = "[No Variations]"
Add component (AddParameter): Name = "Interface"; Value = "SPI"; VariantName = "[No Variations]"
Add component (AddParameter): Name = "Manufacturer"; Value = "RF Solutions"; VariantName = "[No Variations]"
Add component (AddParameter): Name = "Manufacturer Part Number"; Value = "RFM95W-915S2"; VariantName = "[No Variations]"
Add component (AddParameter): Name = "Max Operating Temperature"; Value = "70°C"; VariantName = "[No Variations]"
Add component (AddParameter): Name = "Min Operating Temperature"; Value = "-20°C"; VariantName = "[No Variations]"
Add component (AddParameter): Name = "Mount"; Value = "Surface Mount"; VariantName = "[No Variations]"
Add component (AddParameter): Name = "Packaging"; Value = "Bulk"; VariantName = "[No Variations]"
Add component (AddParameter): Name = "Pricing 1"; Value = "1=13.44000 (USD)"; VariantName = "[No Variations]"
Add component (AddParameter): Name = "RoHS"; Value = "No"; VariantName = "[No Variations]"
Add component (AddParameter): Name = "Sensitivity"; Value = "-148dBm"; VariantName = "[No Variations]"
Add component (AddParameter): Name = "Stock 1"; Value = "355"; VariantName = "[No Variations]"
Add component (AddParameter): Name = "Supplier 1"; Value = "Digi-Key"; VariantName = "[No Variations]"
Add component (AddParameter): Name = "Supplier Part Number 1"; Value = "RFM95W-915S2-ND"; VariantName = "[No Variations]"
Added Pin To Net: NetName=NetFB1_2 Pin=U8-1
Added Pin To Net: NetName=MISO Pin=U8-2
Added Pin To Net: NetName=MOSI Pin=U8-3
Added Pin To Net: NetName=SCLK Pin=U8-4
Added Pin To Net: NetName=RFCS Pin=U8-5
Added Pin To Net: NetName=RFRST Pin=U8-6
Added Pin To Net: NetName=NetP4_5 Pin=U8-7
Added Pin To Net: NetName=NetFB1_2 Pin=U8-8
Added Pin To Net: NetName=NetE1_1 Pin=U8-9
Added Pin To Net: NetName=NetFB1_2 Pin=U8-10
Added Pin To Net: NetName=NetP4_4 Pin=U8-11
Added Pin To Net: NetName=NetP4_3 Pin=U8-12
Added Pin To Net: NetName=VRF Pin=U8-13
Added Pin To Net: NetName=RFINT Pin=U8-14
Added Pin To Net: NetName=NetP4_2 Pin=U8-15
Added Pin To Net: NetName=NetP4_1 Pin=U8-16
Added Member To Class: ClassName=EnviroMon-p1 Member=Component U8 RFM95 Transceiver
