Replace Part BT1 Battery in C:\Users\eddyk\OneDrive - Okanagan College\winter 2022\elen 227\227 project\EnviroMon\EnviroMon-altium\EnviroMon\EnviroMon-p1.SchDoc with Battery from EnviroMon.SchLib
Replace Part C1 cap 1u in C:\Users\eddyk\OneDrive - Okanagan College\winter 2022\elen 227\227 project\EnviroMon\EnviroMon-altium\EnviroMon\EnviroMon-p1.SchDoc with cap 1u from EnviroMon.SchLib
Replace Part C2 cap 1u in C:\Users\eddyk\OneDrive - Okanagan College\winter 2022\elen 227\227 project\EnviroMon\EnviroMon-altium\EnviroMon\EnviroMon-p1.SchDoc with cap 1u from EnviroMon.SchLib
Replace Part C3 cap 4.7u in C:\Users\eddyk\OneDrive - Okanagan College\winter 2022\elen 227\227 project\EnviroMon\EnviroMon-altium\EnviroMon\EnviroMon-p1.SchDoc with cap 4.7u from EnviroMon.SchLib
Replace Part C4 cap 4.7u in C:\Users\eddyk\OneDrive - Okanagan College\winter 2022\elen 227\227 project\EnviroMon\EnviroMon-altium\EnviroMon\EnviroMon-p1.SchDoc with cap 4.7u from EnviroMon.SchLib
Replace Part C5 cap 1u in C:\Users\eddyk\OneDrive - Okanagan College\winter 2022\elen 227\227 project\EnviroMon\EnviroMon-altium\EnviroMon\EnviroMon-p1.SchDoc with cap 1u from EnviroMon.SchLib
Replace Part C6 cap 1u in C:\Users\eddyk\OneDrive - Okanagan College\winter 2022\elen 227\227 project\EnviroMon\EnviroMon-altium\EnviroMon\EnviroMon-p1.SchDoc with cap 1u from EnviroMon.SchLib
Replace Part C7 cap 4.7u in C:\Users\eddyk\OneDrive - Okanagan College\winter 2022\elen 227\227 project\EnviroMon\EnviroMon-altium\EnviroMon\EnviroMon-p1.SchDoc with cap 4.7u from EnviroMon.SchLib
Replace Part C8 cap 1u in C:\Users\eddyk\OneDrive - Okanagan College\winter 2022\elen 227\227 project\EnviroMon\EnviroMon-altium\EnviroMon\EnviroMon-p1.SchDoc with cap 1u from EnviroMon.SchLib
Replace Part C12 cap 1u in C:\Users\eddyk\OneDrive - Okanagan College\winter 2022\elen 227\227 project\EnviroMon\EnviroMon-altium\EnviroMon\EnviroMon-p1.SchDoc with cap 1u from EnviroMon.SchLib
Replace Part C14 cap 0.1u in C:\Users\eddyk\OneDrive - Okanagan College\winter 2022\elen 227\227 project\EnviroMon\EnviroMon-altium\EnviroMon\EnviroMon-p1.SchDoc with cap 0.1u from EnviroMon.SchLib
Replace Part C15 cap 2.2u in C:\Users\eddyk\OneDrive - Okanagan College\winter 2022\elen 227\227 project\EnviroMon\EnviroMon-altium\EnviroMon\EnviroMon-p1.SchDoc with cap 2.2u from EnviroMon.SchLib
Replace Part C16 cap 2.2u in C:\Users\eddyk\OneDrive - Okanagan College\winter 2022\elen 227\227 project\EnviroMon\EnviroMon-altium\EnviroMon\EnviroMon-p1.SchDoc with cap 2.2u from EnviroMon.SchLib
Replace Part C17 cap 0.1u in C:\Users\eddyk\OneDrive - Okanagan College\winter 2022\elen 227\227 project\EnviroMon\EnviroMon-altium\EnviroMon\EnviroMon-p1.SchDoc with cap 0.1u from EnviroMon.SchLib
Replace Part C18 cap 10u in C:\Users\eddyk\OneDrive - Okanagan College\winter 2022\elen 227\227 project\EnviroMon\EnviroMon-altium\EnviroMon\EnviroMon-p1.SchDoc with cap 10u from EnviroMon.SchLib
Replace Part C19 cap 10n in C:\Users\eddyk\OneDrive - Okanagan College\winter 2022\elen 227\227 project\EnviroMon\EnviroMon-altium\EnviroMon\EnviroMon-p1.SchDoc with cap 10n from EnviroMon.SchLib
Replace Part C20 cap ??? in C:\Users\eddyk\OneDrive - Okanagan College\winter 2022\elen 227\227 project\EnviroMon\EnviroMon-altium\EnviroMon\EnviroMon-p1.SchDoc with cap ??? from EnviroMon.SchLib
Replace Part C21 cap 10n in C:\Users\eddyk\OneDrive - Okanagan College\winter 2022\elen 227\227 project\EnviroMon\EnviroMon-altium\EnviroMon\EnviroMon-p1.SchDoc with cap 10n from EnviroMon.SchLib
Replace Part C22 cap ??? in C:\Users\eddyk\OneDrive - Okanagan College\winter 2022\elen 227\227 project\EnviroMon\EnviroMon-altium\EnviroMon\EnviroMon-p1.SchDoc with cap ??? from EnviroMon.SchLib
Replace Part C? cap ??? in C:\Users\eddyk\OneDrive - Okanagan College\winter 2022\elen 227\227 project\EnviroMon\EnviroMon-altium\EnviroMon\EnviroMon-p1.SchDoc with cap ??? from EnviroMon.SchLib
Replace Part D1 CUS08F30,H3F in C:\Users\eddyk\OneDrive - Okanagan College\winter 2022\elen 227\227 project\EnviroMon\EnviroMon-altium\EnviroMon\EnviroMon-p1.SchDoc with CUS08F30,H3F from EnviroMon.SchLib
Replace Part D2 LED-ORANGE in C:\Users\eddyk\OneDrive - Okanagan College\winter 2022\elen 227\227 project\EnviroMon\EnviroMon-altium\EnviroMon\EnviroMon-p1.SchDoc with LED-ORANGE from EnviroMon.SchLib
Replace Part D3 LED-CYAN in C:\Users\eddyk\OneDrive - Okanagan College\winter 2022\elen 227\227 project\EnviroMon\EnviroMon-altium\EnviroMon\EnviroMon-p1.SchDoc with LED-CYAN from EnviroMon.SchLib
Replace Part D4 CUS08F30,H3F in C:\Users\eddyk\OneDrive - Okanagan College\winter 2022\elen 227\227 project\EnviroMon\EnviroMon-altium\EnviroMon\EnviroMon-p1.SchDoc with CUS08F30,H3F from EnviroMon.SchLib
Replace Part D5 LED-GREEN in C:\Users\eddyk\OneDrive - Okanagan College\winter 2022\elen 227\227 project\EnviroMon\EnviroMon-altium\EnviroMon\EnviroMon-p1.SchDoc with LED-GREEN from EnviroMon.SchLib
Replace Part D6 LED-CYAN in C:\Users\eddyk\OneDrive - Okanagan College\winter 2022\elen 227\227 project\EnviroMon\EnviroMon-altium\EnviroMon\EnviroMon-p1.SchDoc with LED-CYAN from EnviroMon.SchLib
Replace Part D7 CUS08F30,H3F in C:\Users\eddyk\OneDrive - Okanagan College\winter 2022\elen 227\227 project\EnviroMon\EnviroMon-altium\EnviroMon\EnviroMon-p1.SchDoc with CUS08F30,H3F from EnviroMon.SchLib
Replace Part D8 LED-RED in C:\Users\eddyk\OneDrive - Okanagan College\winter 2022\elen 227\227 project\EnviroMon\EnviroMon-altium\EnviroMon\EnviroMon-p1.SchDoc with LED-RED from EnviroMon.SchLib
Replace Part D9 LED-GREEN in C:\Users\eddyk\OneDrive - Okanagan College\winter 2022\elen 227\227 project\EnviroMon\EnviroMon-altium\EnviroMon\EnviroMon-p1.SchDoc with LED-GREEN from EnviroMon.SchLib
Replace Part D10 LED-GREEN in C:\Users\eddyk\OneDrive - Okanagan College\winter 2022\elen 227\227 project\EnviroMon\EnviroMon-altium\EnviroMon\EnviroMon-p1.SchDoc with LED-GREEN from EnviroMon.SchLib
Replace Part D11 LED-GREEN in C:\Users\eddyk\OneDrive - Okanagan College\winter 2022\elen 227\227 project\EnviroMon\EnviroMon-altium\EnviroMon\EnviroMon-p1.SchDoc with LED-GREEN from EnviroMon.SchLib
Replace Part D12 LED-RED in C:\Users\eddyk\OneDrive - Okanagan College\winter 2022\elen 227\227 project\EnviroMon\EnviroMon-altium\EnviroMon\EnviroMon-p1.SchDoc with LED-RED from EnviroMon.SchLib
Replace Part D13 LED-RED in C:\Users\eddyk\OneDrive - Okanagan College\winter 2022\elen 227\227 project\EnviroMon\EnviroMon-altium\EnviroMon\EnviroMon-p1.SchDoc with LED-RED from EnviroMon.SchLib
Replace Part D14 LED-RED in C:\Users\eddyk\OneDrive - Okanagan College\winter 2022\elen 227\227 project\EnviroMon\EnviroMon-altium\EnviroMon\EnviroMon-p1.SchDoc with LED-RED from EnviroMon.SchLib
Replace Part D15 LED-RED in C:\Users\eddyk\OneDrive - Okanagan College\winter 2022\elen 227\227 project\EnviroMon\EnviroMon-altium\EnviroMon\EnviroMon-p1.SchDoc with LED-RED from EnviroMon.SchLib
Replace Part D16 LED-GREEN in C:\Users\eddyk\OneDrive - Okanagan College\winter 2022\elen 227\227 project\EnviroMon\EnviroMon-altium\EnviroMon\EnviroMon-p1.SchDoc with LED-GREEN from EnviroMon.SchLib
Replace Part D17 LED-GREEN in C:\Users\eddyk\OneDrive - Okanagan College\winter 2022\elen 227\227 project\EnviroMon\EnviroMon-altium\EnviroMon\EnviroMon-p1.SchDoc with LED-GREEN from EnviroMon.SchLib
Replace Part E1 SMA connector in C:\Users\eddyk\OneDrive - Okanagan College\winter 2022\elen 227\227 project\EnviroMon\EnviroMon-altium\EnviroMon\EnviroMon-p1.SchDoc with SMA connector from EnviroMon.SchLib
Replace Part F1 NANOSMDC050F/13.2-2 in C:\Users\eddyk\OneDrive - Okanagan College\winter 2022\elen 227\227 project\EnviroMon\EnviroMon-altium\EnviroMon\EnviroMon-p1.SchDoc with NANOSMDC050F/13.2-2 from EnviroMon.SchLib
Replace Part F? NANOSMDC150F-2 in C:\Users\eddyk\OneDrive - Okanagan College\winter 2022\elen 227\227 project\EnviroMon\EnviroMon-altium\EnviroMon\EnviroMon-p1.SchDoc with NANOSMDC150F-2 from EnviroMon.SchLib
Replace Part FB? ferrite bead in C:\Users\eddyk\OneDrive - Okanagan College\winter 2022\elen 227\227 project\EnviroMon\EnviroMon-altium\EnviroMon\EnviroMon-p1.SchDoc with ferrite bead from EnviroMon.SchLib
Replace Part J1 JST-PH in C:\Users\eddyk\OneDrive - Okanagan College\winter 2022\elen 227\227 project\EnviroMon\EnviroMon-altium\EnviroMon\EnviroMon-p1.SchDoc with JST-PH from EnviroMon.SchLib
Replace Part J2 USB4510-03-1-A in C:\Users\eddyk\OneDrive - Okanagan College\winter 2022\elen 227\227 project\EnviroMon\EnviroMon-altium\EnviroMon\EnviroMon-p1.SchDoc with USB4510-03-1-A from EnviroMon.SchLib
Replace Part J3 ICSP header in C:\Users\eddyk\OneDrive - Okanagan College\winter 2022\elen 227\227 project\EnviroMon\EnviroMon-altium\EnviroMon\EnviroMon-p1.SchDoc with ICSP header from EnviroMon.SchLib
Replace Part P1 Header 15 in C:\Users\eddyk\OneDrive - Okanagan College\winter 2022\elen 227\227 project\EnviroMon\EnviroMon-altium\EnviroMon\EnviroMon-p1.SchDoc with Header 15 from EnviroMon.SchLib
Replace Part P2 Header 5 in C:\Users\eddyk\OneDrive - Okanagan College\winter 2022\elen 227\227 project\EnviroMon\EnviroMon-altium\EnviroMon\EnviroMon-p1.SchDoc with Header 5 from EnviroMon.SchLib
Replace Part P? Header 10 in C:\Users\eddyk\OneDrive - Okanagan College\winter 2022\elen 227\227 project\EnviroMon\EnviroMon-altium\EnviroMon\EnviroMon-p1.SchDoc with Header 10 from EnviroMon.SchLib
Replace Part R2 resistor ??? in C:\Users\eddyk\OneDrive - Okanagan College\winter 2022\elen 227\227 project\EnviroMon\EnviroMon-altium\EnviroMon\EnviroMon-p1.SchDoc with resistor ??? from EnviroMon.SchLib
Replace Part R4 resistor ??? in C:\Users\eddyk\OneDrive - Okanagan College\winter 2022\elen 227\227 project\EnviroMon\EnviroMon-altium\EnviroMon\EnviroMon-p1.SchDoc with resistor ??? from EnviroMon.SchLib
Replace Part R5 resistor ??? in C:\Users\eddyk\OneDrive - Okanagan College\winter 2022\elen 227\227 project\EnviroMon\EnviroMon-altium\EnviroMon\EnviroMon-p1.SchDoc with resistor ??? from EnviroMon.SchLib
Replace Part R6 resistor ??? in C:\Users\eddyk\OneDrive - Okanagan College\winter 2022\elen 227\227 project\EnviroMon\EnviroMon-altium\EnviroMon\EnviroMon-p1.SchDoc with resistor ??? from EnviroMon.SchLib
Replace Part R7 resistor 10k in C:\Users\eddyk\OneDrive - Okanagan College\winter 2022\elen 227\227 project\EnviroMon\EnviroMon-altium\EnviroMon\EnviroMon-p1.SchDoc with resistor 10k from EnviroMon.SchLib
Replace Part R9 resistor 470 in C:\Users\eddyk\OneDrive - Okanagan College\winter 2022\elen 227\227 project\EnviroMon\EnviroMon-altium\EnviroMon\EnviroMon-p1.SchDoc with resistor 470 from EnviroMon.SchLib
Replace Part R11 resistor 5.1k in C:\Users\eddyk\OneDrive - Okanagan College\winter 2022\elen 227\227 project\EnviroMon\EnviroMon-altium\EnviroMon\EnviroMon-p1.SchDoc with resistor 5.1k from EnviroMon.SchLib
Replace Part R12 resistor 5.1k in C:\Users\eddyk\OneDrive - Okanagan College\winter 2022\elen 227\227 project\EnviroMon\EnviroMon-altium\EnviroMon\EnviroMon-p1.SchDoc with resistor 5.1k from EnviroMon.SchLib
Replace Part R13 resistor ??? in C:\Users\eddyk\OneDrive - Okanagan College\winter 2022\elen 227\227 project\EnviroMon\EnviroMon-altium\EnviroMon\EnviroMon-p1.SchDoc with resistor ??? from EnviroMon.SchLib
Replace Part R14 resistor ??? in C:\Users\eddyk\OneDrive - Okanagan College\winter 2022\elen 227\227 project\EnviroMon\EnviroMon-altium\EnviroMon\EnviroMon-p1.SchDoc with resistor ??? from EnviroMon.SchLib
Replace Part R15 resistor 50 in C:\Users\eddyk\OneDrive - Okanagan College\winter 2022\elen 227\227 project\EnviroMon\EnviroMon-altium\EnviroMon\EnviroMon-p1.SchDoc with resistor 50 from EnviroMon.SchLib
Replace Part R16 resistor ??? in C:\Users\eddyk\OneDrive - Okanagan College\winter 2022\elen 227\227 project\EnviroMon\EnviroMon-altium\EnviroMon\EnviroMon-p1.SchDoc with resistor ??? from EnviroMon.SchLib
Replace Part R17 resistor 75k in C:\Users\eddyk\OneDrive - Okanagan College\winter 2022\elen 227\227 project\EnviroMon\EnviroMon-altium\EnviroMon\EnviroMon-p1.SchDoc with resistor 75k from EnviroMon.SchLib
Replace Part R18 resistor ??? in C:\Users\eddyk\OneDrive - Okanagan College\winter 2022\elen 227\227 project\EnviroMon\EnviroMon-altium\EnviroMon\EnviroMon-p1.SchDoc with resistor ??? from EnviroMon.SchLib
Replace Part R19 resistor 75k in C:\Users\eddyk\OneDrive - Okanagan College\winter 2022\elen 227\227 project\EnviroMon\EnviroMon-altium\EnviroMon\EnviroMon-p1.SchDoc with resistor 75k from EnviroMon.SchLib
Replace Part R20 resistor ??? in C:\Users\eddyk\OneDrive - Okanagan College\winter 2022\elen 227\227 project\EnviroMon\EnviroMon-altium\EnviroMon\EnviroMon-p1.SchDoc with resistor ??? from EnviroMon.SchLib
Replace Part R21 resistor ??? in C:\Users\eddyk\OneDrive - Okanagan College\winter 2022\elen 227\227 project\EnviroMon\EnviroMon-altium\EnviroMon\EnviroMon-p1.SchDoc with resistor ??? from EnviroMon.SchLib
Replace Part R22 resistor ??? in C:\Users\eddyk\OneDrive - Okanagan College\winter 2022\elen 227\227 project\EnviroMon\EnviroMon-altium\EnviroMon\EnviroMon-p1.SchDoc with resistor ??? from EnviroMon.SchLib
Replace Part R23 resistor ??? in C:\Users\eddyk\OneDrive - Okanagan College\winter 2022\elen 227\227 project\EnviroMon\EnviroMon-altium\EnviroMon\EnviroMon-p1.SchDoc with resistor ??? from EnviroMon.SchLib
Replace Part R24 resistor ??? in C:\Users\eddyk\OneDrive - Okanagan College\winter 2022\elen 227\227 project\EnviroMon\EnviroMon-altium\EnviroMon\EnviroMon-p1.SchDoc with resistor ??? from EnviroMon.SchLib
Replace Part R25 resistor ??? in C:\Users\eddyk\OneDrive - Okanagan College\winter 2022\elen 227\227 project\EnviroMon\EnviroMon-altium\EnviroMon\EnviroMon-p1.SchDoc with resistor ??? from EnviroMon.SchLib
Replace Part R26 resistor ??? in C:\Users\eddyk\OneDrive - Okanagan College\winter 2022\elen 227\227 project\EnviroMon\EnviroMon-altium\EnviroMon\EnviroMon-p1.SchDoc with resistor ??? from EnviroMon.SchLib
Replace Part R27 resistor ??? in C:\Users\eddyk\OneDrive - Okanagan College\winter 2022\elen 227\227 project\EnviroMon\EnviroMon-altium\EnviroMon\EnviroMon-p1.SchDoc with resistor ??? from EnviroMon.SchLib
Replace Part R? resistor 3.3k in C:\Users\eddyk\OneDrive - Okanagan College\winter 2022\elen 227\227 project\EnviroMon\EnviroMon-altium\EnviroMon\EnviroMon-p1.SchDoc with resistor 3.3k from EnviroMon.SchLib
Replace Part R? resistor 1k in C:\Users\eddyk\OneDrive - Okanagan College\winter 2022\elen 227\227 project\EnviroMon\EnviroMon-altium\EnviroMon\EnviroMon-p1.SchDoc with resistor 1k from EnviroMon.SchLib
Replace Part R? resistor ??? in C:\Users\eddyk\OneDrive - Okanagan College\winter 2022\elen 227\227 project\EnviroMon\EnviroMon-altium\EnviroMon\EnviroMon-p1.SchDoc with resistor ??? from EnviroMon.SchLib
Replace Part RT1 Thermistor in C:\Users\eddyk\OneDrive - Okanagan College\winter 2022\elen 227\227 project\EnviroMon\EnviroMon-altium\EnviroMon\EnviroMon-p1.SchDoc with Thermistor from EnviroMon.SchLib
Replace Part S1 Push Button NO in C:\Users\eddyk\OneDrive - Okanagan College\winter 2022\elen 227\227 project\EnviroMon\EnviroMon-altium\EnviroMon\EnviroMon-p1.SchDoc with Push Button NO from Simulation Generic Components.IntLib
Replace Part S2 SW-PB in C:\Users\eddyk\OneDrive - Okanagan College\winter 2022\elen 227\227 project\EnviroMon\EnviroMon-altium\EnviroMon\EnviroMon-p1.SchDoc with SW-PB from EnviroMon.SchLib
Replace Part S3 SW-PB in C:\Users\eddyk\OneDrive - Okanagan College\winter 2022\elen 227\227 project\EnviroMon\EnviroMon-altium\EnviroMon\EnviroMon-p1.SchDoc with SW-PB from EnviroMon.SchLib
Replace Part S? SW-SPDT in C:\Users\eddyk\OneDrive - Okanagan College\winter 2022\elen 227\227 project\EnviroMon\EnviroMon-altium\EnviroMon\EnviroMon-p1.SchDoc with SW-SPDT from EnviroMon.SchLib
Replace Part U1 MCP73837-FJI/UN in C:\Users\eddyk\OneDrive - Okanagan College\winter 2022\elen 227\227 project\EnviroMon\EnviroMon-altium\EnviroMon\EnviroMon-p1.SchDoc with MCP73837-FJI/UN from EnviroMon.SchLib
Replace Part U2 TCR3UF28A,LM(CT in C:\Users\eddyk\OneDrive - Okanagan College\winter 2022\elen 227\227 project\EnviroMon\EnviroMon-altium\EnviroMon\EnviroMon-p1.SchDoc with TCR3UF28A,LM(CT from EnviroMon.SchLib
Replace Part U3 TCR3UF28A,LM(CT in C:\Users\eddyk\OneDrive - Okanagan College\winter 2022\elen 227\227 project\EnviroMon\EnviroMon-altium\EnviroMon\EnviroMon-p1.SchDoc with TCR3UF28A,LM(CT from EnviroMon.SchLib
Replace Part U4 TCR3UF28A,LM(CT in C:\Users\eddyk\OneDrive - Okanagan College\winter 2022\elen 227\227 project\EnviroMon\EnviroMon-altium\EnviroMon\EnviroMon-p1.SchDoc with TCR3UF28A,LM(CT from EnviroMon.SchLib
Replace Part U5 PIC24FJ64GB004T-I/PT in C:\Users\eddyk\OneDrive - Okanagan College\winter 2022\elen 227\227 project\EnviroMon\EnviroMon-altium\EnviroMon\EnviroMon-p1.SchDoc with PIC24FJ64GB004T-I/PT from EnviroMon.SchLib
Replace Part U6 MCP1501T-20E/CHY in C:\Users\eddyk\OneDrive - Okanagan College\winter 2022\elen 227\227 project\EnviroMon\EnviroMon-altium\EnviroMon\EnviroMon-p1.SchDoc with MCP1501T-20E/CHY from EnviroMon.SchLib
Replace Part U7 BR25G512FVT-3GE2 in C:\Users\eddyk\OneDrive - Okanagan College\winter 2022\elen 227\227 project\EnviroMon\EnviroMon-altium\EnviroMon\EnviroMon-p1.SchDoc with BR25G512FVT-3GE2 from EnviroMon.SchLib
Replace Part U8 RFM95W-915S2 in C:\Users\eddyk\OneDrive - Okanagan College\winter 2022\elen 227\227 project\EnviroMon\EnviroMon-altium\EnviroMon\EnviroMon-p1.SchDoc with RFM95W-915S2 from EnviroMon.SchLib
Replace Part U9 MC74HC541ADWG in C:\Users\eddyk\OneDrive - Okanagan College\winter 2022\elen 227\227 project\EnviroMon\EnviroMon-altium\EnviroMon\EnviroMon-p1.SchDoc with MC74HC541ADWG from EnviroMon.SchLib
Replace Part U10 MCP79411-I/MS in C:\Users\eddyk\OneDrive - Okanagan College\winter 2022\elen 227\227 project\EnviroMon\EnviroMon-altium\EnviroMon\EnviroMon-p1.SchDoc with MCP79411-I/MS from EnviroMon.SchLib
Replace Part U? DF3D18FU,LF in C:\Users\eddyk\OneDrive - Okanagan College\winter 2022\elen 227\227 project\EnviroMon\EnviroMon-altium\EnviroMon\EnviroMon-p1.SchDoc with DF3D18FU,LF from EnviroMon.SchLib
Replace Part W1 Jumper in C:\Users\eddyk\OneDrive - Okanagan College\winter 2022\elen 227\227 project\EnviroMon\EnviroMon-altium\EnviroMon\EnviroMon-p1.SchDoc with Jumper from Miscellaneous Devices.IntLib
Replace Part Y1 ECS-.327-7-12-C-TR in C:\Users\eddyk\OneDrive - Okanagan College\winter 2022\elen 227\227 project\EnviroMon\EnviroMon-altium\EnviroMon\EnviroMon-p1.SchDoc with ECS-.327-7-12-C-TR from EnviroMon.SchLib
