Change Physical Footprint: Designator=C1 Old Footprint=0805 New Footprint=0805
Change Physical Footprint: Designator=C2 Old Footprint=0805 New Footprint=0805
Change Physical Footprint: Designator=C3 Old Footprint=0805 New Footprint=0805
Change Physical Footprint: Designator=C4 Old Footprint=0805 New Footprint=0805
Change Physical Footprint: Designator=C5 Old Footprint=0805 New Footprint=0805
Change Physical Footprint: Designator=C6 Old Footprint=0805 New Footprint=0805
Change Physical Footprint: Designator=C7 Old Footprint=0805 New Footprint=0805
Change Physical Footprint: Designator=C8 Old Footprint=0805 New Footprint=0805
Change Physical Footprint: Designator=C9 Old Footprint=0805 New Footprint=0805
Change Physical Footprint: Designator=C10 Old Footprint=0805 New Footprint=0805
Change Physical Footprint: Designator=C11 Old Footprint=0805 New Footprint=0805
Change Physical Footprint: Designator=C12 Old Footprint=0805 New Footprint=0805
Change Physical Footprint: Designator=C13 Old Footprint=0805 New Footprint=0805
Change Physical Footprint: Designator=C14 Old Footprint=0805 New Footprint=0805
Change Physical Footprint: Designator=C15 Old Footprint=0805 New Footprint=0805
Change Physical Footprint: Designator=C16 Old Footprint=0805 New Footprint=0805
Change Physical Footprint: Designator=C17 Old Footprint=0805 New Footprint=0805
Change Physical Footprint: Designator=C18 Old Footprint=0805 New Footprint=0805
Change Physical Footprint: Designator=C19 Old Footprint=0805 New Footprint=0805
Change Physical Footprint: Designator=C20 Old Footprint=0805 New Footprint=0805
Change Physical Footprint: Designator=C21 Old Footprint=0805 New Footprint=0805
Change Physical Footprint: Designator=C22 Old Footprint=0805 New Footprint=0805
Change Physical Footprint: Designator=C23 Old Footprint=0805 New Footprint=0805
Change Physical Footprint: Designator=D1 Old Footprint=DIODE SOD323 New Footprint=DIODE SOD323
Change Physical Footprint: Designator=D2 Old Footprint=DIODE SOD323 New Footprint=DIODE SOD323
Change Physical Footprint: Designator=D3 Old Footprint=LED PLCC2 New Footprint=LED PLCC2
Change Physical Footprint: Designator=D4 Old Footprint=DIODE SOD323 New Footprint=DIODE SOD323
Change Physical Footprint: Designator=D5 Old Footprint=LED PLCC2 New Footprint=LED PLCC2
Change Physical Footprint: Designator=D6 Old Footprint=LED PLCC2 New Footprint=LED PLCC2
Change Physical Footprint: Designator=D7 Old Footprint=LED PLCC2 New Footprint=LED PLCC2
Change Physical Footprint: Designator=D8 Old Footprint=LED PLCC2 New Footprint=LED PLCC2
Change Physical Footprint: Designator=D9 Old Footprint=LED PLCC2 New Footprint=LED PLCC2
Change Physical Footprint: Designator=D10 Old Footprint=LED PLCC2 New Footprint=LED PLCC2
Change Physical Footprint: Designator=D11 Old Footprint=LED PLCC2 New Footprint=LED PLCC2
Change Physical Footprint: Designator=D12 Old Footprint=LED PLCC2 New Footprint=LED PLCC2
Change Physical Footprint: Designator=D13 Old Footprint=LED PLCC2 New Footprint=LED PLCC2
Change Physical Footprint: Designator=D14 Old Footprint=LED PLCC2 New Footprint=LED PLCC2
Change Physical Footprint: Designator=D15 Old Footprint=LED PLCC2 New Footprint=LED PLCC2
Change Physical Footprint: Designator=D16 Old Footprint=LED PLCC2 New Footprint=LED PLCC2
Change Physical Footprint: Designator=D17 Old Footprint=LED PLCC2 New Footprint=LED PLCC2
Change Physical Footprint: Designator=E1 Old Footprint=SMA New Footprint=SMA
Change Physical Footprint: Designator=F1 Old Footprint=1206 New Footprint=1206
Change Physical Footprint: Designator=F2 Old Footprint=1206 New Footprint=1206
Change Physical Footprint: Designator=FB1 Old Footprint=1206 New Footprint=1206
Change Physical Footprint: Designator=J1 Old Footprint=ICSP New Footprint=ICSP
Change Physical Footprint: Designator=J2 Old Footprint=JST-PH New Footprint=JST-PH
Change Physical Footprint: Designator=J3 Old Footprint=USB4510-03-1-A New Footprint=USB4510-03-1-A
Change Physical Footprint: Designator=P1 Old Footprint=HDR1X9 New Footprint=HDR1X9
Change Physical Footprint: Designator=P2 Old Footprint=HDR1X7 New Footprint=HDR1X7
Change Physical Footprint: Designator=P3 Old Footprint=HDR1X10 New Footprint=HDR1X10
Change Physical Footprint: Designator=P4 Old Footprint=HDR1X5 New Footprint=HDR1X5
Change Physical Footprint: Designator=R1 Old Footprint=0805 New Footprint=0805
Change Physical Footprint: Designator=R2 Old Footprint=0805 New Footprint=0805
Change Physical Footprint: Designator=R3 Old Footprint=0805 New Footprint=0805
Change Physical Footprint: Designator=R4 Old Footprint=0805 New Footprint=0805
Change Physical Footprint: Designator=R5 Old Footprint=0805 New Footprint=0805
Change Physical Footprint: Designator=R6 Old Footprint=0805 New Footprint=0805
Change Physical Footprint: Designator=R7 Old Footprint=0805 New Footprint=0805
Change Physical Footprint: Designator=R8 Old Footprint=0805 New Footprint=0805
Change Physical Footprint: Designator=R9 Old Footprint=0805 New Footprint=0805
Change Physical Footprint: Designator=R10 Old Footprint=0805 New Footprint=0805
Change Physical Footprint: Designator=R11 Old Footprint=0603 New Footprint=0603
Change Physical Footprint: Designator=R12 Old Footprint=0805 New Footprint=0805
Change Physical Footprint: Designator=R13 Old Footprint=0805 New Footprint=0805
Change Physical Footprint: Designator=R14 Old Footprint=0805 New Footprint=0805
Change Physical Footprint: Designator=R15 Old Footprint=0805 New Footprint=0805
Change Physical Footprint: Designator=R16 Old Footprint=0805 New Footprint=0805
Change Physical Footprint: Designator=R17 Old Footprint=0805 New Footprint=0805
Change Physical Footprint: Designator=R18 Old Footprint=0805 New Footprint=0805
Change Physical Footprint: Designator=R19 Old Footprint=0805 New Footprint=0805
Change Physical Footprint: Designator=R20 Old Footprint=0805 New Footprint=0805
Change Physical Footprint: Designator=R21 Old Footprint=0805 New Footprint=0805
Change Physical Footprint: Designator=R22 Old Footprint=1206 ARRAY New Footprint=1206 ARRAY
Change Physical Footprint: Designator=R23 Old Footprint=1206 ARRAY New Footprint=1206 ARRAY
Change Physical Footprint: Designator=RT1 Old Footprint=HDR1X2 New Footprint=HDR1X2
Change Physical Footprint: Designator=S1 Old Footprint=HDR1X3 New Footprint=HDR1X3
Change Physical Footprint: Designator=S2 Old Footprint=SM KT SWITCH New Footprint=SM KT SWITCH
Change Physical Footprint: Designator=S3 Old Footprint=SM KT SWITCH New Footprint=SM KT SWITCH
Change Physical Footprint: Designator=S4 Old Footprint=SM KT SWITCH New Footprint=SM KT SWITCH
Change Physical Footprint: Designator=U1 Old Footprint=REGULATOR SOT25(3?) New Footprint=REGULATOR SOT25(3?)
Change Physical Footprint: Designator=U2 Old Footprint=REGULATOR SOT25(3?) New Footprint=REGULATOR SOT25(3?)
Change Physical Footprint: Designator=U3 Old Footprint=LIPO MSOP New Footprint=LIPO MSOP
Change Physical Footprint: Designator=U4 Old Footprint=PIC24FJ64GB004T-I/PT New Footprint=PIC24FJ64GB004T-I/PT
Change Physical Footprint: Designator=U5 Old Footprint=TVS SOT23-3 New Footprint=TVS SOT23-3
Change Physical Footprint: Designator=U6 Old Footprint=VREF SOT23-6 New Footprint=VREF SOT23-6
Change Physical Footprint: Designator=U7 Old Footprint=REGULATOR SOT25(3?) New Footprint=REGULATOR SOT25(3?)
Change Physical Footprint: Designator=U8 Old Footprint=RFM95 New Footprint=RFM95
Change Physical Footprint: Designator=U9 Old Footprint=EEPROM 8TSSOP New Footprint=EEPROM 8TSSOP
Change Physical Footprint: Designator=U10 Old Footprint=OCTAL BUFFER SOIC New Footprint=OCTAL BUFFER SOIC
Change Physical Footprint: Designator=U11 Old Footprint=RTC 8MSOP New Footprint=RTC 8MSOP
Change Physical Footprint: Designator=W1 Old Footprint=HDR1X2 New Footprint=HDR1X2
Change Physical Footprint: Designator=Y1 Old Footprint=CRYSTAL New Footprint=CRYSTAL
