Replace Part C3 cap 10n in C:\Users\300302634\OneDrive - Okanagan College\winter 2022\elen 227\227 project\EnviroMon\EnviroMon-altium\EnviroMon\EnviroMon-p1.SchDoc with cap 10n from EnviroMon.SchLib
Replace Part C6 cap 10n in C:\Users\300302634\OneDrive - Okanagan College\winter 2022\elen 227\227 project\EnviroMon\EnviroMon-altium\EnviroMon\EnviroMon-p1.SchDoc with cap 10n from EnviroMon.SchLib
Replace Part C7 cap 10n in C:\Users\300302634\OneDrive - Okanagan College\winter 2022\elen 227\227 project\EnviroMon\EnviroMon-altium\EnviroMon\EnviroMon-p1.SchDoc with cap 10n from EnviroMon.SchLib
Replace Part C8 cap 0.1u in C:\Users\300302634\OneDrive - Okanagan College\winter 2022\elen 227\227 project\EnviroMon\EnviroMon-altium\EnviroMon\EnviroMon-p1.SchDoc with cap 0.1u from EnviroMon.SchLib
Replace Part C? cap 1u in C:\Users\300302634\OneDrive - Okanagan College\winter 2022\elen 227\227 project\EnviroMon\EnviroMon-altium\EnviroMon\EnviroMon-p1.SchDoc with cap 1u from EnviroMon.SchLib
Replace Part C? cap 1u in C:\Users\300302634\OneDrive - Okanagan College\winter 2022\elen 227\227 project\EnviroMon\EnviroMon-altium\EnviroMon\EnviroMon-p1.SchDoc with cap 1u from EnviroMon.SchLib
Replace Part C? cap 1u in C:\Users\300302634\OneDrive - Okanagan College\winter 2022\elen 227\227 project\EnviroMon\EnviroMon-altium\EnviroMon\EnviroMon-p1.SchDoc with cap 1u from EnviroMon.SchLib
Replace Part C? cap 1u in C:\Users\300302634\OneDrive - Okanagan College\winter 2022\elen 227\227 project\EnviroMon\EnviroMon-altium\EnviroMon\EnviroMon-p1.SchDoc with cap 1u from EnviroMon.SchLib
Replace Part C? cap 1u in C:\Users\300302634\OneDrive - Okanagan College\winter 2022\elen 227\227 project\EnviroMon\EnviroMon-altium\EnviroMon\EnviroMon-p1.SchDoc with cap 1u from EnviroMon.SchLib
Replace Part C? cap 1u in C:\Users\300302634\OneDrive - Okanagan College\winter 2022\elen 227\227 project\EnviroMon\EnviroMon-altium\EnviroMon\EnviroMon-p1.SchDoc with cap 1u from EnviroMon.SchLib
Replace Part D1 CUS08F30,H3F in C:\Users\300302634\OneDrive - Okanagan College\winter 2022\elen 227\227 project\EnviroMon\EnviroMon-altium\EnviroMon\EnviroMon-p1.SchDoc with CUS08F30,H3F from EnviroMon.SchLib
Replace Part D2 CUS08F30,H3F in C:\Users\300302634\OneDrive - Okanagan College\winter 2022\elen 227\227 project\EnviroMon\EnviroMon-altium\EnviroMon\EnviroMon-p1.SchDoc with CUS08F30,H3F from EnviroMon.SchLib
Replace Part D? LED-ORANGE in C:\Users\300302634\OneDrive - Okanagan College\winter 2022\elen 227\227 project\EnviroMon\EnviroMon-altium\EnviroMon\EnviroMon-p1.SchDoc with LED-ORANGE from EnviroMon.SchLib
Replace Part D? LED-GREEN in C:\Users\300302634\OneDrive - Okanagan College\winter 2022\elen 227\227 project\EnviroMon\EnviroMon-altium\EnviroMon\EnviroMon-p1.SchDoc with LED-GREEN from EnviroMon.SchLib
Replace Part D? LED-RED in C:\Users\300302634\OneDrive - Okanagan College\winter 2022\elen 227\227 project\EnviroMon\EnviroMon-altium\EnviroMon\EnviroMon-p1.SchDoc with LED-RED from EnviroMon.SchLib
Replace Part J1 JST-PH in C:\Users\300302634\OneDrive - Okanagan College\winter 2022\elen 227\227 project\EnviroMon\EnviroMon-altium\EnviroMon\EnviroMon-p1.SchDoc with JST-PH from EnviroMon.SchLib
Replace Part J2 USB4510-03-1-A in C:\Users\300302634\OneDrive - Okanagan College\winter 2022\elen 227\227 project\EnviroMon\EnviroMon-altium\EnviroMon\EnviroMon-p1.SchDoc with USB4510-03-1-A from EnviroMon.SchLib
Replace Part J3 2pin jumper in C:\Users\300302634\OneDrive - Okanagan College\winter 2022\elen 227\227 project\EnviroMon\EnviroMon-altium\EnviroMon\EnviroMon-p1.SchDoc with 2pin jumper from EnviroMon.SchLib
Replace Part J4 ICSP header in C:\Users\300302634\OneDrive - Okanagan College\winter 2022\elen 227\227 project\EnviroMon\EnviroMon-altium\EnviroMon\EnviroMon-p1.SchDoc with ICSP header from EnviroMon.SchLib
Replace Part J? SMA Connector in C:\Users\300302634\OneDrive - Okanagan College\winter 2022\elen 227\227 project\EnviroMon\EnviroMon-altium\EnviroMon\EnviroMon-p1.SchDoc with SMA Connector from EnviroMon.SchLib
Replace Part R1 resistor 75k in C:\Users\300302634\OneDrive - Okanagan College\winter 2022\elen 227\227 project\EnviroMon\EnviroMon-altium\EnviroMon\EnviroMon-p1.SchDoc with resistor 75k from EnviroMon.SchLib
Replace Part R4 resistor 75k in C:\Users\300302634\OneDrive - Okanagan College\winter 2022\elen 227\227 project\EnviroMon\EnviroMon-altium\EnviroMon\EnviroMon-p1.SchDoc with resistor 75k from EnviroMon.SchLib
Replace Part R5 resistor 75k in C:\Users\300302634\OneDrive - Okanagan College\winter 2022\elen 227\227 project\EnviroMon\EnviroMon-altium\EnviroMon\EnviroMon-p1.SchDoc with resistor 75k from EnviroMon.SchLib
Replace Part R6 resistor 10k in C:\Users\300302634\OneDrive - Okanagan College\winter 2022\elen 227\227 project\EnviroMon\EnviroMon-altium\EnviroMon\EnviroMon-p1.SchDoc with resistor 10k from EnviroMon.SchLib
Replace Part R7 resistor 470 in C:\Users\300302634\OneDrive - Okanagan College\winter 2022\elen 227\227 project\EnviroMon\EnviroMon-altium\EnviroMon\EnviroMon-p1.SchDoc with resistor 470 from EnviroMon.SchLib
Replace Part R10 resistor 5.1k in C:\Users\300302634\OneDrive - Okanagan College\winter 2022\elen 227\227 project\EnviroMon\EnviroMon-altium\EnviroMon\EnviroMon-p1.SchDoc with resistor 5.1k from EnviroMon.SchLib
Replace Part R11 resistor 5.1k in C:\Users\300302634\OneDrive - Okanagan College\winter 2022\elen 227\227 project\EnviroMon\EnviroMon-altium\EnviroMon\EnviroMon-p1.SchDoc with resistor 5.1k from EnviroMon.SchLib
Replace Part R? resistor ??? in C:\Users\300302634\OneDrive - Okanagan College\winter 2022\elen 227\227 project\EnviroMon\EnviroMon-altium\EnviroMon\EnviroMon-p1.SchDoc with resistor ??? from EnviroMon.SchLib
Replace Part R? resistor ??? in C:\Users\300302634\OneDrive - Okanagan College\winter 2022\elen 227\227 project\EnviroMon\EnviroMon-altium\EnviroMon\EnviroMon-p1.SchDoc with resistor ??? from EnviroMon.SchLib
Replace Part R? resistor ??? in C:\Users\300302634\OneDrive - Okanagan College\winter 2022\elen 227\227 project\EnviroMon\EnviroMon-altium\EnviroMon\EnviroMon-p1.SchDoc with resistor ??? from EnviroMon.SchLib
Replace Part R? resistor 75k in C:\Users\300302634\OneDrive - Okanagan College\winter 2022\elen 227\227 project\EnviroMon\EnviroMon-altium\EnviroMon\EnviroMon-p1.SchDoc with resistor 75k from EnviroMon.SchLib
Replace Part S1 Push Button NO in C:\Users\300302634\OneDrive - Okanagan College\winter 2022\elen 227\227 project\EnviroMon\EnviroMon-altium\EnviroMon\EnviroMon-p1.SchDoc with Push Button NO from Simulation Generic Components.IntLib
Replace Part S2 Push Button NO in C:\Users\300302634\OneDrive - Okanagan College\winter 2022\elen 227\227 project\EnviroMon\EnviroMon-altium\EnviroMon\EnviroMon-p1.SchDoc with Push Button NO from Simulation Generic Components.IntLib
Replace Part S3 Push Button NO in C:\Users\300302634\OneDrive - Okanagan College\winter 2022\elen 227\227 project\EnviroMon\EnviroMon-altium\EnviroMon\EnviroMon-p1.SchDoc with Push Button NO from Simulation Generic Components.IntLib
Replace Part S4 Push Button NO in C:\Users\300302634\OneDrive - Okanagan College\winter 2022\elen 227\227 project\EnviroMon\EnviroMon-altium\EnviroMon\EnviroMon-p1.SchDoc with Push Button NO from Simulation Generic Components.IntLib
Replace Part U1 MCP73832T-2ACI/OT in C:\Users\300302634\OneDrive - Okanagan College\winter 2022\elen 227\227 project\EnviroMon\EnviroMon-altium\EnviroMon\EnviroMon-p1.SchDoc with MCP73832T-2ACI/OT from EnviroMon.SchLib
Replace Part U? PIC24FJ64GB004T-I/PT in C:\Users\300302634\OneDrive - Okanagan College\winter 2022\elen 227\227 project\EnviroMon\EnviroMon-altium\EnviroMon\EnviroMon-p1.SchDoc with PIC24FJ64GB004T-I/PT from EnviroMon.SchLib
Replace Part U? MCP1501T-20E/CHY in C:\Users\300302634\OneDrive - Okanagan College\winter 2022\elen 227\227 project\EnviroMon\EnviroMon-altium\EnviroMon\EnviroMon-p1.SchDoc with MCP1501T-20E/CHY from EnviroMon.SchLib
Replace Part U? RFM95W-915S2 in C:\Users\300302634\OneDrive - Okanagan College\winter 2022\elen 227\227 project\EnviroMon\EnviroMon-altium\EnviroMon\EnviroMon-p1.SchDoc with RFM95W-915S2 from EnviroMon.SchLib
Replace Part U? TCR3UF28A,LM(CT in C:\Users\300302634\OneDrive - Okanagan College\winter 2022\elen 227\227 project\EnviroMon\EnviroMon-altium\EnviroMon\EnviroMon-p1.SchDoc with TCR3UF28A,LM(CT from EnviroMon.SchLib
Replace Part U? TCR3UF28A,LM(CT in C:\Users\300302634\OneDrive - Okanagan College\winter 2022\elen 227\227 project\EnviroMon\EnviroMon-altium\EnviroMon\EnviroMon-p1.SchDoc with TCR3UF28A,LM(CT from EnviroMon.SchLib
Replace Part U? TCR3UF28A,LM(CT in C:\Users\300302634\OneDrive - Okanagan College\winter 2022\elen 227\227 project\EnviroMon\EnviroMon-altium\EnviroMon\EnviroMon-p1.SchDoc with TCR3UF28A,LM(CT from EnviroMon.SchLib
