Added Parameter Supplier 1=Digi-Key to Part BT1
Added Parameter Supplier 1=Digi-Key to Part C1
Added Parameter Supplier 1=Digi-Key to Part C2
Added Parameter Supplier 1=Digi-Key to Part C3
Added Parameter Supplier 1=Digi-Key to Part C4
Added Parameter Supplier 1=Digi-Key to Part C5
Added Parameter Supplier 1=Digi-Key to Part C6
Added Parameter Supplier 1=Digi-Key to Part C7
Added Parameter Supplier 1=Digi-Key to Part C8
Added Parameter Supplier 1=Digi-Key to Part C9
Added Parameter Supplier 1=Digi-Key to Part C10
Added Parameter Supplier 1=Digi-Key to Part C11
Added Parameter Supplier 1=Digi-Key to Part C12
Added Parameter Supplier 1=Digi-Key to Part C13
Added Parameter Supplier 1=Digi-Key to Part C14
Added Parameter Supplier 1=Digi-Key to Part C15
Added Parameter Supplier 1=Digi-Key to Part C16
Added Parameter Supplier 1=Digi-Key to Part C17
Added Parameter Supplier 1=Digi-Key to Part C18
Added Parameter Supplier 1=Digi-Key to Part C19
Added Parameter Supplier 1=Digi-Key to Part C20
Added Parameter Supplier 1=Digi-Key to Part C21
Added Parameter Supplier 1=Digi-Key to Part C22
Added Parameter Supplier 1=Digi-Key to Part C23
Added Parameter Supplier 1=Digi-Key to Part FB1
Added Parameter Supplier 1=Digi-Key to Part S2
Added Parameter Supplier 1=Digi-Key to Part S3
Added Parameter Supplier 1=Digi-Key to Part S4
Added Parameter Supplier Part Number 1=311-1097-1-ND to Part C22
Added Parameter Supplier Part Number 1=311-4179-1-ND to Part C19
Added Parameter Supplier Part Number 1=732-6718-1-ND to Part BT1
Added Parameter Supplier Part Number 1=732-6718-1-ND to Part FB1
Added Parameter Supplier Part Number 1=1276-1020-1-ND to Part C20
Added Parameter Supplier Part Number 1=1276-1020-1-ND to Part C21
Added Parameter Supplier Part Number 1=1276-1026-1-ND to Part C1
Added Parameter Supplier Part Number 1=1276-1026-1-ND to Part C2
Added Parameter Supplier Part Number 1=1276-1026-1-ND to Part C3
Added Parameter Supplier Part Number 1=1276-1026-1-ND to Part C4
Added Parameter Supplier Part Number 1=1276-1026-1-ND to Part C15
Added Parameter Supplier Part Number 1=1276-1026-1-ND to Part C16
Added Parameter Supplier Part Number 1=1276-1096-1-ND to Part C13
Added Parameter Supplier Part Number 1=1276-1096-1-ND to Part C17
Added Parameter Supplier Part Number 1=1276-1099-1-ND to Part C8
Added Parameter Supplier Part Number 1=1276-1099-1-ND to Part C9
Added Parameter Supplier Part Number 1=1276-1099-1-ND to Part C10
Added Parameter Supplier Part Number 1=1276-1099-1-ND to Part C11
Added Parameter Supplier Part Number 1=1276-1099-1-ND to Part C18
Added Parameter Supplier Part Number 1=1276-1099-1-ND to Part C23
Added Parameter Supplier Part Number 1=1276-1259-1-ND to Part C5
Added Parameter Supplier Part Number 1=1276-1259-1-ND to Part C6
Added Parameter Supplier Part Number 1=1276-1259-1-ND to Part C7
Added Parameter Supplier Part Number 1=1276-1763-1-ND to Part C12
Added Parameter Supplier Part Number 1=1276-1763-1-ND to Part C14
Added Parameter Supplier Part Number 1=CKN1838CT-ND to Part S2
Added Parameter Supplier Part Number 1=CKN1838CT-ND to Part S3
Added Parameter Supplier Part Number 1=CKN1838CT-ND to Part S4
Replace Symbol from BT1 BU2032SM-HD-G in C:\Users\300302634\OneDrive - Okanagan College\winter 2022\elen 227\227 project\EnviroMon\EnviroMon-altium\EnviroMon\EnviroMon.SchDoc with BU2032SM-HD-G from EnviroMon.SchLib
Replace Symbol from C1 cap 1u in C:\Users\300302634\OneDrive - Okanagan College\winter 2022\elen 227\227 project\EnviroMon\EnviroMon-altium\EnviroMon\EnviroMon.SchDoc with cap 1u from EnviroMon.SchLib
Replace Symbol from C2 cap 1u in C:\Users\300302634\OneDrive - Okanagan College\winter 2022\elen 227\227 project\EnviroMon\EnviroMon-altium\EnviroMon\EnviroMon.SchDoc with cap 1u from EnviroMon.SchLib
Replace Symbol from C3 cap 1u in C:\Users\300302634\OneDrive - Okanagan College\winter 2022\elen 227\227 project\EnviroMon\EnviroMon-altium\EnviroMon\EnviroMon.SchDoc with cap 1u from EnviroMon.SchLib
Replace Symbol from C4 cap 1u in C:\Users\300302634\OneDrive - Okanagan College\winter 2022\elen 227\227 project\EnviroMon\EnviroMon-altium\EnviroMon\EnviroMon.SchDoc with cap 1u from EnviroMon.SchLib
Replace Symbol from C5 cap 4.7u in C:\Users\300302634\OneDrive - Okanagan College\winter 2022\elen 227\227 project\EnviroMon\EnviroMon-altium\EnviroMon\EnviroMon.SchDoc with cap 4.7u from EnviroMon.SchLib
Replace Symbol from C6 cap 4.7u in C:\Users\300302634\OneDrive - Okanagan College\winter 2022\elen 227\227 project\EnviroMon\EnviroMon-altium\EnviroMon\EnviroMon.SchDoc with cap 4.7u from EnviroMon.SchLib
Replace Symbol from C7 cap 4.7u in C:\Users\300302634\OneDrive - Okanagan College\winter 2022\elen 227\227 project\EnviroMon\EnviroMon-altium\EnviroMon\EnviroMon.SchDoc with cap 4.7u from EnviroMon.SchLib
Replace Symbol from C8 cap 0.1u in C:\Users\300302634\OneDrive - Okanagan College\winter 2022\elen 227\227 project\EnviroMon\EnviroMon-altium\EnviroMon\EnviroMon.SchDoc with cap 0.1u from EnviroMon.SchLib
Replace Symbol from C9 cap 0.1u in C:\Users\300302634\OneDrive - Okanagan College\winter 2022\elen 227\227 project\EnviroMon\EnviroMon-altium\EnviroMon\EnviroMon.SchDoc with cap 0.1u from EnviroMon.SchLib
Replace Symbol from C10 cap 0.1u in C:\Users\300302634\OneDrive - Okanagan College\winter 2022\elen 227\227 project\EnviroMon\EnviroMon-altium\EnviroMon\EnviroMon.SchDoc with cap 0.1u from EnviroMon.SchLib
Replace Symbol from C11 cap 0.1u in C:\Users\300302634\OneDrive - Okanagan College\winter 2022\elen 227\227 project\EnviroMon\EnviroMon-altium\EnviroMon\EnviroMon.SchDoc with cap 0.1u from EnviroMon.SchLib
Replace Symbol from C12 cap 2.2u in C:\Users\300302634\OneDrive - Okanagan College\winter 2022\elen 227\227 project\EnviroMon\EnviroMon-altium\EnviroMon\EnviroMon.SchDoc with cap 2.2u from EnviroMon.SchLib
Replace Symbol from C13 cap 10u in C:\Users\300302634\OneDrive - Okanagan College\winter 2022\elen 227\227 project\EnviroMon\EnviroMon-altium\EnviroMon\EnviroMon.SchDoc with cap 10u from EnviroMon.SchLib
Replace Symbol from C14 cap 2.2u in C:\Users\300302634\OneDrive - Okanagan College\winter 2022\elen 227\227 project\EnviroMon\EnviroMon-altium\EnviroMon\EnviroMon.SchDoc with cap 2.2u from EnviroMon.SchLib
Replace Symbol from C15 cap 1u in C:\Users\300302634\OneDrive - Okanagan College\winter 2022\elen 227\227 project\EnviroMon\EnviroMon-altium\EnviroMon\EnviroMon.SchDoc with cap 1u from EnviroMon.SchLib
Replace Symbol from C16 cap 1u in C:\Users\300302634\OneDrive - Okanagan College\winter 2022\elen 227\227 project\EnviroMon\EnviroMon-altium\EnviroMon\EnviroMon.SchDoc with cap 1u from EnviroMon.SchLib
Replace Symbol from C17 cap 10u in C:\Users\300302634\OneDrive - Okanagan College\winter 2022\elen 227\227 project\EnviroMon\EnviroMon-altium\EnviroMon\EnviroMon.SchDoc with cap 10u from EnviroMon.SchLib
Replace Symbol from C18 cap 0.1u in C:\Users\300302634\OneDrive - Okanagan College\winter 2022\elen 227\227 project\EnviroMon\EnviroMon-altium\EnviroMon\EnviroMon.SchDoc with cap 0.1u from EnviroMon.SchLib
Replace Symbol from C19 cap 56p in C:\Users\300302634\OneDrive - Okanagan College\winter 2022\elen 227\227 project\EnviroMon\EnviroMon-altium\EnviroMon\EnviroMon.SchDoc with cap 56p from EnviroMon.SchLib
Replace Symbol from C20 cap 1n in C:\Users\300302634\OneDrive - Okanagan College\winter 2022\elen 227\227 project\EnviroMon\EnviroMon-altium\EnviroMon\EnviroMon.SchDoc with cap 1n from EnviroMon.SchLib
Replace Symbol from C21 cap 1n in C:\Users\300302634\OneDrive - Okanagan College\winter 2022\elen 227\227 project\EnviroMon\EnviroMon-altium\EnviroMon\EnviroMon.SchDoc with cap 1n from EnviroMon.SchLib
Replace Symbol from C22 cap 8p in C:\Users\300302634\OneDrive - Okanagan College\winter 2022\elen 227\227 project\EnviroMon\EnviroMon-altium\EnviroMon\EnviroMon.SchDoc with cap 8p from EnviroMon.SchLib
Replace Symbol from C23 cap 0.1u in C:\Users\300302634\OneDrive - Okanagan College\winter 2022\elen 227\227 project\EnviroMon\EnviroMon-altium\EnviroMon\EnviroMon.SchDoc with cap 0.1u from EnviroMon.SchLib
Replace Symbol from D1 CUS08F30,H3F in C:\Users\300302634\OneDrive - Okanagan College\winter 2022\elen 227\227 project\EnviroMon\EnviroMon-altium\EnviroMon\EnviroMon.SchDoc with CUS08F30,H3F from EnviroMon.SchLib
Replace Symbol from D2 CUS08F30,H3F in C:\Users\300302634\OneDrive - Okanagan College\winter 2022\elen 227\227 project\EnviroMon\EnviroMon-altium\EnviroMon\EnviroMon.SchDoc with CUS08F30,H3F from EnviroMon.SchLib
Replace Symbol from D3 LED-CYAN in C:\Users\300302634\OneDrive - Okanagan College\winter 2022\elen 227\227 project\EnviroMon\EnviroMon-altium\EnviroMon\EnviroMon.SchDoc with LED-CYAN from EnviroMon.SchLib
Replace Symbol from D4 CUS08F30,H3F in C:\Users\300302634\OneDrive - Okanagan College\winter 2022\elen 227\227 project\EnviroMon\EnviroMon-altium\EnviroMon\EnviroMon.SchDoc with CUS08F30,H3F from EnviroMon.SchLib
Replace Symbol from D5 LED-CYAN in C:\Users\300302634\OneDrive - Okanagan College\winter 2022\elen 227\227 project\EnviroMon\EnviroMon-altium\EnviroMon\EnviroMon.SchDoc with LED-CYAN from EnviroMon.SchLib
Replace Symbol from D6 LED-GREEN in C:\Users\300302634\OneDrive - Okanagan College\winter 2022\elen 227\227 project\EnviroMon\EnviroMon-altium\EnviroMon\EnviroMon.SchDoc with LED-GREEN from EnviroMon.SchLib
Replace Symbol from D7 LED-ORANGE in C:\Users\300302634\OneDrive - Okanagan College\winter 2022\elen 227\227 project\EnviroMon\EnviroMon-altium\EnviroMon\EnviroMon.SchDoc with LED-ORANGE from EnviroMon.SchLib
Replace Symbol from D8 LED-RED in C:\Users\300302634\OneDrive - Okanagan College\winter 2022\elen 227\227 project\EnviroMon\EnviroMon-altium\EnviroMon\EnviroMon.SchDoc with LED-RED from EnviroMon.SchLib
Replace Symbol from D9 LED-RED in C:\Users\300302634\OneDrive - Okanagan College\winter 2022\elen 227\227 project\EnviroMon\EnviroMon-altium\EnviroMon\EnviroMon.SchDoc with LED-RED from EnviroMon.SchLib
Replace Symbol from D10 LED-RED in C:\Users\300302634\OneDrive - Okanagan College\winter 2022\elen 227\227 project\EnviroMon\EnviroMon-altium\EnviroMon\EnviroMon.SchDoc with LED-RED from EnviroMon.SchLib
Replace Symbol from D11 LED-RED in C:\Users\300302634\OneDrive - Okanagan College\winter 2022\elen 227\227 project\EnviroMon\EnviroMon-altium\EnviroMon\EnviroMon.SchDoc with LED-RED from EnviroMon.SchLib
Replace Symbol from D12 LED-RED in C:\Users\300302634\OneDrive - Okanagan College\winter 2022\elen 227\227 project\EnviroMon\EnviroMon-altium\EnviroMon\EnviroMon.SchDoc with LED-RED from EnviroMon.SchLib
Replace Symbol from D13 LED-RED in C:\Users\300302634\OneDrive - Okanagan College\winter 2022\elen 227\227 project\EnviroMon\EnviroMon-altium\EnviroMon\EnviroMon.SchDoc with LED-RED from EnviroMon.SchLib
Replace Symbol from D14 LED-RED in C:\Users\300302634\OneDrive - Okanagan College\winter 2022\elen 227\227 project\EnviroMon\EnviroMon-altium\EnviroMon\EnviroMon.SchDoc with LED-RED from EnviroMon.SchLib
Replace Symbol from D15 LED-RED in C:\Users\300302634\OneDrive - Okanagan College\winter 2022\elen 227\227 project\EnviroMon\EnviroMon-altium\EnviroMon\EnviroMon.SchDoc with LED-RED from EnviroMon.SchLib
Replace Symbol from D16 LED-RED in C:\Users\300302634\OneDrive - Okanagan College\winter 2022\elen 227\227 project\EnviroMon\EnviroMon-altium\EnviroMon\EnviroMon.SchDoc with LED-RED from EnviroMon.SchLib
Replace Symbol from D17 LED-RED in C:\Users\300302634\OneDrive - Okanagan College\winter 2022\elen 227\227 project\EnviroMon\EnviroMon-altium\EnviroMon\EnviroMon.SchDoc with LED-RED from EnviroMon.SchLib
Replace Symbol from E1 SMA connector in C:\Users\300302634\OneDrive - Okanagan College\winter 2022\elen 227\227 project\EnviroMon\EnviroMon-altium\EnviroMon\EnviroMon.SchDoc with SMA connector from EnviroMon.SchLib
Replace Symbol from F1 NANOSMDC050F/13.2-2 in C:\Users\300302634\OneDrive - Okanagan College\winter 2022\elen 227\227 project\EnviroMon\EnviroMon-altium\EnviroMon\EnviroMon.SchDoc with NANOSMDC050F/13.2-2 from EnviroMon.SchLib
Replace Symbol from F2 NANOSMDC150F-2 in C:\Users\300302634\OneDrive - Okanagan College\winter 2022\elen 227\227 project\EnviroMon\EnviroMon-altium\EnviroMon\EnviroMon.SchDoc with NANOSMDC150F-2 from EnviroMon.SchLib
Replace Symbol from FB1 ferrite bead in C:\Users\300302634\OneDrive - Okanagan College\winter 2022\elen 227\227 project\EnviroMon\EnviroMon-altium\EnviroMon\EnviroMon.SchDoc with ferrite bead from EnviroMon.SchLib
Replace Symbol from J1 ICSP header in C:\Users\300302634\OneDrive - Okanagan College\winter 2022\elen 227\227 project\EnviroMon\EnviroMon-altium\EnviroMon\EnviroMon.SchDoc with ICSP header from EnviroMon.SchLib
Replace Symbol from J2 JST-PH in C:\Users\300302634\OneDrive - Okanagan College\winter 2022\elen 227\227 project\EnviroMon\EnviroMon-altium\EnviroMon\EnviroMon.SchDoc with JST-PH from EnviroMon.SchLib
Replace Symbol from J3 USB4510-03-1-A in C:\Users\300302634\OneDrive - Okanagan College\winter 2022\elen 227\227 project\EnviroMon\EnviroMon-altium\EnviroMon\EnviroMon.SchDoc with USB4510-03-1-A from EnviroMon.SchLib
Replace Symbol from P1 Header 7 in C:\Users\300302634\OneDrive - Okanagan College\winter 2022\elen 227\227 project\EnviroMon\EnviroMon-altium\EnviroMon\EnviroMon.SchDoc with Header 7 from EnviroMon.SchLib
Replace Symbol from P2 Header 9 in C:\Users\300302634\OneDrive - Okanagan College\winter 2022\elen 227\227 project\EnviroMon\EnviroMon-altium\EnviroMon\EnviroMon.SchDoc with Header 9 from EnviroMon.SchLib
Replace Symbol from P3 Header 10 in C:\Users\300302634\OneDrive - Okanagan College\winter 2022\elen 227\227 project\EnviroMon\EnviroMon-altium\EnviroMon\EnviroMon.SchDoc with Header 10 from EnviroMon.SchLib
Replace Symbol from P4 Header 5 in C:\Users\300302634\OneDrive - Okanagan College\winter 2022\elen 227\227 project\EnviroMon\EnviroMon-altium\EnviroMon\EnviroMon.SchDoc with Header 5 from EnviroMon.SchLib
Replace Symbol from R1 resistor 1k in C:\Users\300302634\OneDrive - Okanagan College\winter 2022\elen 227\227 project\EnviroMon\EnviroMon-altium\EnviroMon\EnviroMon.SchDoc with resistor 1k from EnviroMon.SchLib
Replace Symbol from R2 resistor 10k in C:\Users\300302634\OneDrive - Okanagan College\winter 2022\elen 227\227 project\EnviroMon\EnviroMon-altium\EnviroMon\EnviroMon.SchDoc with resistor 10k from EnviroMon.SchLib
Replace Symbol from R3 resistor ??? in C:\Users\300302634\OneDrive - Okanagan College\winter 2022\elen 227\227 project\EnviroMon\EnviroMon-altium\EnviroMon\EnviroMon.SchDoc with resistor ??? from EnviroMon.SchLib
Replace Symbol from R4 resistor 470 in C:\Users\300302634\OneDrive - Okanagan College\winter 2022\elen 227\227 project\EnviroMon\EnviroMon-altium\EnviroMon\EnviroMon.SchDoc with resistor 470 from EnviroMon.SchLib
Replace Symbol from R5 resistor 1k in C:\Users\300302634\OneDrive - Okanagan College\winter 2022\elen 227\227 project\EnviroMon\EnviroMon-altium\EnviroMon\EnviroMon.SchDoc with resistor 1k from EnviroMon.SchLib
Replace Symbol from R6 resistor 3.3k in C:\Users\300302634\OneDrive - Okanagan College\winter 2022\elen 227\227 project\EnviroMon\EnviroMon-altium\EnviroMon\EnviroMon.SchDoc with resistor 3.3k from EnviroMon.SchLib
Replace Symbol from R7 resistor 1k in C:\Users\300302634\OneDrive - Okanagan College\winter 2022\elen 227\227 project\EnviroMon\EnviroMon-altium\EnviroMon\EnviroMon.SchDoc with resistor 1k from EnviroMon.SchLib
Replace Symbol from R8 resistor 1k in C:\Users\300302634\OneDrive - Okanagan College\winter 2022\elen 227\227 project\EnviroMon\EnviroMon-altium\EnviroMon\EnviroMon.SchDoc with resistor 1k from EnviroMon.SchLib
Replace Symbol from R9 resistor 1k in C:\Users\300302634\OneDrive - Okanagan College\winter 2022\elen 227\227 project\EnviroMon\EnviroMon-altium\EnviroMon\EnviroMon.SchDoc with resistor 1k from EnviroMon.SchLib
Replace Symbol from R10 resistor 100k in C:\Users\300302634\OneDrive - Okanagan College\winter 2022\elen 227\227 project\EnviroMon\EnviroMon-altium\EnviroMon\EnviroMon.SchDoc with resistor 100k from EnviroMon.SchLib
Replace Symbol from R11 CG0603MLA-5.5ME in C:\Users\300302634\OneDrive - Okanagan College\winter 2022\elen 227\227 project\EnviroMon\EnviroMon-altium\EnviroMon\EnviroMon.SchDoc with CG0603MLA-5.5ME from EnviroMon.SchLib
Replace Symbol from R12 resistor 100k in C:\Users\300302634\OneDrive - Okanagan College\winter 2022\elen 227\227 project\EnviroMon\EnviroMon-altium\EnviroMon\EnviroMon.SchDoc with resistor 100k from EnviroMon.SchLib
Replace Symbol from R13 resistor 5.1k in C:\Users\300302634\OneDrive - Okanagan College\winter 2022\elen 227\227 project\EnviroMon\EnviroMon-altium\EnviroMon\EnviroMon.SchDoc with resistor 5.1k from EnviroMon.SchLib
Replace Symbol from R14 resistor 5.1k in C:\Users\300302634\OneDrive - Okanagan College\winter 2022\elen 227\227 project\EnviroMon\EnviroMon-altium\EnviroMon\EnviroMon.SchDoc with resistor 5.1k from EnviroMon.SchLib
Replace Symbol from R15 resistor 50 in C:\Users\300302634\OneDrive - Okanagan College\winter 2022\elen 227\227 project\EnviroMon\EnviroMon-altium\EnviroMon\EnviroMon.SchDoc with resistor 50 from EnviroMon.SchLib
Replace Symbol from R16 resistor 4.7k in C:\Users\300302634\OneDrive - Okanagan College\winter 2022\elen 227\227 project\EnviroMon\EnviroMon-altium\EnviroMon\EnviroMon.SchDoc with resistor 4.7k from EnviroMon.SchLib
Replace Symbol from R17 resistor 4.7k in C:\Users\300302634\OneDrive - Okanagan College\winter 2022\elen 227\227 project\EnviroMon\EnviroMon-altium\EnviroMon\EnviroMon.SchDoc with resistor 4.7k from EnviroMon.SchLib
Replace Symbol from R18 resistor 470 in C:\Users\300302634\OneDrive - Okanagan College\winter 2022\elen 227\227 project\EnviroMon\EnviroMon-altium\EnviroMon\EnviroMon.SchDoc with resistor 470 from EnviroMon.SchLib
Replace Symbol from R19 resistor ??? in C:\Users\300302634\OneDrive - Okanagan College\winter 2022\elen 227\227 project\EnviroMon\EnviroMon-altium\EnviroMon\EnviroMon.SchDoc with resistor ??? from EnviroMon.SchLib
Replace Symbol from R20 resistor ??? in C:\Users\300302634\OneDrive - Okanagan College\winter 2022\elen 227\227 project\EnviroMon\EnviroMon-altium\EnviroMon\EnviroMon.SchDoc with resistor ??? from EnviroMon.SchLib
Replace Symbol from R21 resistor ??? in C:\Users\300302634\OneDrive - Okanagan College\winter 2022\elen 227\227 project\EnviroMon\EnviroMon-altium\EnviroMon\EnviroMon.SchDoc with resistor ??? from EnviroMon.SchLib
Replace Symbol from R22 resistor ??? in C:\Users\300302634\OneDrive - Okanagan College\winter 2022\elen 227\227 project\EnviroMon\EnviroMon-altium\EnviroMon\EnviroMon.SchDoc with resistor ??? from EnviroMon.SchLib
Replace Symbol from R23 resistor 100k in C:\Users\300302634\OneDrive - Okanagan College\winter 2022\elen 227\227 project\EnviroMon\EnviroMon-altium\EnviroMon\EnviroMon.SchDoc with resistor 100k from EnviroMon.SchLib
Replace Symbol from R24 resistor 100k in C:\Users\300302634\OneDrive - Okanagan College\winter 2022\elen 227\227 project\EnviroMon\EnviroMon-altium\EnviroMon\EnviroMon.SchDoc with resistor 100k from EnviroMon.SchLib
Replace Symbol from R25 resistor 470 in C:\Users\300302634\OneDrive - Okanagan College\winter 2022\elen 227\227 project\EnviroMon\EnviroMon-altium\EnviroMon\EnviroMon.SchDoc with resistor 470 from EnviroMon.SchLib
Replace Symbol from R26 resarray in C:\Users\300302634\OneDrive - Okanagan College\winter 2022\elen 227\227 project\EnviroMon\EnviroMon-altium\EnviroMon\EnviroMon.SchDoc with resarray from EnviroMon.SchLib
Replace Symbol from R27 resarray in C:\Users\300302634\OneDrive - Okanagan College\winter 2022\elen 227\227 project\EnviroMon\EnviroMon-altium\EnviroMon\EnviroMon.SchDoc with resarray from EnviroMon.SchLib
Replace Symbol from RT1 Thermistor in C:\Users\300302634\OneDrive - Okanagan College\winter 2022\elen 227\227 project\EnviroMon\EnviroMon-altium\EnviroMon\EnviroMon.SchDoc with Thermistor from EnviroMon.SchLib
Replace Symbol from S1 SW-SPDT in C:\Users\300302634\OneDrive - Okanagan College\winter 2022\elen 227\227 project\EnviroMon\EnviroMon-altium\EnviroMon\EnviroMon.SchDoc with SW-SPDT from EnviroMon.SchLib
Replace Symbol from S2 SW-PB in C:\Users\300302634\OneDrive - Okanagan College\winter 2022\elen 227\227 project\EnviroMon\EnviroMon-altium\EnviroMon\EnviroMon.SchDoc with SW-PB from EnviroMon.SchLib
Replace Symbol from S3 SW-PB in C:\Users\300302634\OneDrive - Okanagan College\winter 2022\elen 227\227 project\EnviroMon\EnviroMon-altium\EnviroMon\EnviroMon.SchDoc with SW-PB from EnviroMon.SchLib
Replace Symbol from S4 SW-PB in C:\Users\300302634\OneDrive - Okanagan College\winter 2022\elen 227\227 project\EnviroMon\EnviroMon-altium\EnviroMon\EnviroMon.SchDoc with SW-PB from EnviroMon.SchLib
Replace Symbol from U1 TCR3UF28A,LM(CT in C:\Users\300302634\OneDrive - Okanagan College\winter 2022\elen 227\227 project\EnviroMon\EnviroMon-altium\EnviroMon\EnviroMon.SchDoc with TCR3UF28A,LM(CT from EnviroMon.SchLib
Replace Symbol from U2 TCR3UF28A,LM(CT in C:\Users\300302634\OneDrive - Okanagan College\winter 2022\elen 227\227 project\EnviroMon\EnviroMon-altium\EnviroMon\EnviroMon.SchDoc with TCR3UF28A,LM(CT from EnviroMon.SchLib
Replace Symbol from U3 MCP73837-FJI/UN in C:\Users\300302634\OneDrive - Okanagan College\winter 2022\elen 227\227 project\EnviroMon\EnviroMon-altium\EnviroMon\EnviroMon.SchDoc with MCP73837-FJI/UN from EnviroMon.SchLib
Replace Symbol from U4 PIC24FJ64GB004T-I/PT in C:\Users\300302634\OneDrive - Okanagan College\winter 2022\elen 227\227 project\EnviroMon\EnviroMon-altium\EnviroMon\EnviroMon.SchDoc with PIC24FJ64GB004T-I/PT from EnviroMon.SchLib
Replace Symbol from U5 MCP1501T-20E/CHY in C:\Users\300302634\OneDrive - Okanagan College\winter 2022\elen 227\227 project\EnviroMon\EnviroMon-altium\EnviroMon\EnviroMon.SchDoc with MCP1501T-20E/CHY from EnviroMon.SchLib
Replace Symbol from U6 DF3D18FU,LF in C:\Users\300302634\OneDrive - Okanagan College\winter 2022\elen 227\227 project\EnviroMon\EnviroMon-altium\EnviroMon\EnviroMon.SchDoc with DF3D18FU,LF from EnviroMon.SchLib
Replace Symbol from U7 TCR3UF28A,LM(CT in C:\Users\300302634\OneDrive - Okanagan College\winter 2022\elen 227\227 project\EnviroMon\EnviroMon-altium\EnviroMon\EnviroMon.SchDoc with TCR3UF28A,LM(CT from EnviroMon.SchLib
Replace Symbol from U8 RFM95W-915S2 in C:\Users\300302634\OneDrive - Okanagan College\winter 2022\elen 227\227 project\EnviroMon\EnviroMon-altium\EnviroMon\EnviroMon.SchDoc with RFM95W-915S2 from EnviroMon.SchLib
Replace Symbol from U9 BR25G512FVT-3GE2 in C:\Users\300302634\OneDrive - Okanagan College\winter 2022\elen 227\227 project\EnviroMon\EnviroMon-altium\EnviroMon\EnviroMon.SchDoc with BR25G512FVT-3GE2 from EnviroMon.SchLib
Replace Symbol from U10 MC74HC541ADWG in C:\Users\300302634\OneDrive - Okanagan College\winter 2022\elen 227\227 project\EnviroMon\EnviroMon-altium\EnviroMon\EnviroMon.SchDoc with MC74HC541ADWG from EnviroMon.SchLib
Replace Symbol from U11 MCP79411-I/MS in C:\Users\300302634\OneDrive - Okanagan College\winter 2022\elen 227\227 project\EnviroMon\EnviroMon-altium\EnviroMon\EnviroMon.SchDoc with MCP79411-I/MS from EnviroMon.SchLib
Replace Symbol from W1 Jumper in C:\Users\300302634\OneDrive - Okanagan College\winter 2022\elen 227\227 project\EnviroMon\EnviroMon-altium\EnviroMon\EnviroMon.SchDoc with Jumper from EnviroMon.SchLib
Replace Symbol from Y1 ECS-.327-7-12-C-TR in C:\Users\300302634\OneDrive - Okanagan College\winter 2022\elen 227\227 project\EnviroMon\EnviroMon-altium\EnviroMon\EnviroMon.SchDoc with ECS-.327-7-12-C-TR from EnviroMon.SchLib
