Added Component: Designator=S3(SM KT SWITCH)
Add component (AddParameter): Name = "LatestRevisionDate"; Value = "17-Jul-2002"; VariantName = "[No Variations]"
Add component (AddParameter): Name = "LatestRevisionNote"; Value = "Re-released for DXP Platform."; VariantName = "[No Variations]"
Add component (AddParameter): Name = "PackageDescription"; Value = "Switch; 2 Leads"; VariantName = "[No Variations]"
Add component (AddParameter): Name = "PackageReference"; Value = "SPST-2"; VariantName = "[No Variations]"
Add component (AddParameter): Name = "Published"; Value = "24-Mar-1999"; VariantName = "[No Variations]"
Add component (AddParameter): Name = "Publisher"; Value = "Altium Limited"; VariantName = "[No Variations]"
Added Component: Designator=S4(SM KT SWITCH)
Add component (AddParameter): Name = "LatestRevisionDate"; Value = "17-Jul-2002"; VariantName = "[No Variations]"
Add component (AddParameter): Name = "LatestRevisionNote"; Value = "Re-released for DXP Platform."; VariantName = "[No Variations]"
Add component (AddParameter): Name = "PackageDescription"; Value = "Switch; 2 Leads"; VariantName = "[No Variations]"
Add component (AddParameter): Name = "PackageReference"; Value = "SPST-2"; VariantName = "[No Variations]"
Add component (AddParameter): Name = "Published"; Value = "24-Mar-1999"; VariantName = "[No Variations]"
Add component (AddParameter): Name = "Publisher"; Value = "Altium Limited"; VariantName = "[No Variations]"
Added Pin To Net: NetName=VREG Pin=S3-1-2
Added Pin To Net: NetName=VREG Pin=S3-1-2
Added Pin To Net: NetName=INT0 Pin=S3-3-4
Added Pin To Net: NetName=INT0 Pin=S3-3-4
Added Pin To Net: NetName=VREG Pin=S4-1-2
Added Pin To Net: NetName=VREG Pin=S4-1-2
Added Pin To Net: NetName=INT1 Pin=S4-3-4
Added Pin To Net: NetName=INT1 Pin=S4-3-4
Added Member To Class: ClassName=EnviroMon-p1 Member=Component S3 SW-PB
Added Member To Class: ClassName=EnviroMon-p1 Member=Component S4 SW-PB
