Change Net Name : Old Net Name=NetC20_1 New Net Name=INT0
Change Net Name : Old Net Name=NetC21_1 New Net Name=INT1
Change Net Name : Old Net Name=NetP1_3 New Net Name=SDA
Change Net Name : Old Net Name=NetP1_5 New Net Name=SCL
Added Pin To Net: NetName=DBGEN Pin=U5-31
Added Net: Name=DBGEN
Added Pin To Net: NetName=MCLR Pin=R9-1
Added Pin To Net: NetName=MCLR Pin=U5-18
Added Net: Name=MCLR
Added Pin To Net: NetName=MEMCLK Pin=U5-2
Added Net: Name=MEMCLK
Added Pin To Net: NetName=MEMCS Pin=U5-5
Added Net: Name=MEMCS
Added Pin To Net: NetName=MEMDI Pin=U5-3
Added Net: Name=MEMDI
Added Pin To Net: NetName=MEMDO Pin=U5-4
Added Net: Name=MEMDO
Added Pin To Net: NetName=MEMHOLD Pin=U5-13
Added Net: Name=MEMHOLD
Added Pin To Net: NetName=MEMWP Pin=U5-12
Added Net: Name=MEMWP
Added Pin To Net: NetName=MISO Pin=P1-13
Added Pin To Net: NetName=MISO Pin=U5-38
Added Net: Name=MISO
Added Pin To Net: NetName=MOSI Pin=P1-11
Added Pin To Net: NetName=MOSI Pin=U5-37
Added Net: Name=MOSI
Added Pin To Net: NetName=PGC Pin=U5-22
Added Net: Name=PGC
Added Pin To Net: NetName=PGD Pin=U5-21
Added Net: Name=PGD
Added Pin To Net: NetName=RFCS Pin=U5-35
Added Net: Name=RFCS
Added Pin To Net: NetName=RFEN Pin=U5-32
Added Net: Name=RFEN
Added Pin To Net: NetName=RFINT Pin=U5-34
Added Net: Name=RFINT
Added Pin To Net: NetName=RFRST Pin=U5-33
Added Net: Name=RFRST
Added Pin To Net: NetName=RTCMF Pin=U5-30
Added Net: Name=RTCMF
Added Pin To Net: NetName=SCLK Pin=P1-9
Added Pin To Net: NetName=SCLK Pin=U5-36
Added Net: Name=SCLK
Added Pin To Net: NetName=VREF Pin=R14-2
Added Pin To Net: NetName=VREF Pin=U5-19
Added Net: Name=VREF
