Added Component: Designator=J3(USB4510-03-1-A)
Add component (AddParameter): Name = "Category"; Value = "Uncategorized"; VariantName = "[No Variations]"
Add component (AddParameter): Name = "Manufacturer"; Value = "Global Connector Technology"; VariantName = "[No Variations]"
Add component (AddParameter): Name = "Manufacturer Part Number"; Value = "USB4510-03-1-A"; VariantName = "[No Variations]"
Add component (AddParameter): Name = "RoHS"; Value = "No"; VariantName = "[No Variations]"
Add component (AddParameter): Name = "Supplier 1"; Value = "Digi-Key"; VariantName = "[No Variations]"
Add component (AddParameter): Name = "Supplier Part Number 1"; Value = "2073-USB4510-03-1-ATR-ND"; VariantName = "[No Variations]"
Added Component: Designator=P1(HDR1X15)
Add component (AddParameter): Name = "LatestRevisionDate"; Value = "17-Jul-2002"; VariantName = "[No Variations]"
Add component (AddParameter): Name = "LatestRevisionNote"; Value = "Re-released for DXP Platform."; VariantName = "[No Variations]"
Add component (AddParameter): Name = "Publisher"; Value = "Altium Limited"; VariantName = "[No Variations]"
Added Component: Designator=P2(HDR1X10)
Add component (AddParameter): Name = "LatestRevisionDate"; Value = "17-Jul-2002"; VariantName = "[No Variations]"
Add component (AddParameter): Name = "LatestRevisionNote"; Value = "Re-released for DXP Platform."; VariantName = "[No Variations]"
Add component (AddParameter): Name = "Publisher"; Value = "Altium Limited"; VariantName = "[No Variations]"
Added Component: Designator=P3(HDR1X5)
Add component (AddParameter): Name = "LatestRevisionDate"; Value = "17-Jul-2002"; VariantName = "[No Variations]"
Add component (AddParameter): Name = "LatestRevisionNote"; Value = "Re-released for DXP Platform."; VariantName = "[No Variations]"
Add component (AddParameter): Name = "Publisher"; Value = "Altium Limited"; VariantName = "[No Variations]"
Added Component: Designator=W1(RAD-0.2)
Add component (AddParameter): Name = "LatestRevisionDate"; Value = "17-Jul-2002"; VariantName = "[No Variations]"
Add component (AddParameter): Name = "LatestRevisionNote"; Value = "Re-released for DXP Platform."; VariantName = "[No Variations]"
Add component (AddParameter): Name = "PackageDescription"; Value = "Radial Cap, Thru-Hole; 2 Leads; 0.2 in Pin Spacing"; VariantName = "[No Variations]"
Add component (AddParameter): Name = "PackageReference"; Value = "RAD-0.2"; VariantName = "[No Variations]"
Add component (AddParameter): Name = "Published"; Value = "24-Mar-1999"; VariantName = "[No Variations]"
Add component (AddParameter): Name = "Publisher"; Value = "Altium Limited"; VariantName = "[No Variations]"
Added Pin To Net: NetName=GND Pin=J3-A1-B12
Added Pin To Net: NetName=VBUSIN Pin=J3-A4-B9
Added Pin To Net: NetName=CC1 Pin=J3-A5
Added Pin To Net: NetName=D+ Pin=J3-A6
Added Pin To Net: NetName=D- Pin=J3-A7
Added Pin To Net: NetName=GND Pin=J3-B1-A12
Added Pin To Net: NetName=VBUSIN Pin=J3-B4-A9
Added Pin To Net: NetName=CC2 Pin=J3-B5
Added Pin To Net: NetName=D+ Pin=J3-B6
Added Pin To Net: NetName=D- Pin=J3-B7
Added Pin To Net: NetName=GND Pin=J3-SHELL
Added Pin To Net: NetName=GND Pin=J3-SHELL
Added Pin To Net: NetName=GND Pin=J3-SHELL
Added Pin To Net: NetName=GND Pin=J3-SHELL
Added Pin To Net: NetName=VREG Pin=P1-1
Added Pin To Net: NetName=GND Pin=P1-2
Added Pin To Net: NetName=NetP1_3 Pin=P1-3
Added Pin To Net: NetName=GND Pin=P1-4
Added Pin To Net: NetName=NetP1_5 Pin=P1-5
Added Pin To Net: NetName=GND Pin=P1-6
Added Pin To Net: NetName=VREG Pin=P1-7
Added Pin To Net: NetName=GND Pin=P1-8
Added Pin To Net: NetName=NetP1_9 Pin=P1-9
Added Pin To Net: NetName=GND Pin=P1-10
Added Pin To Net: NetName=NetP1_11 Pin=P1-11
Added Pin To Net: NetName=GND Pin=P1-12
Added Pin To Net: NetName=NetP1_13 Pin=P1-13
Added Pin To Net: NetName=GND Pin=P1-14
Added Pin To Net: NetName=VREG Pin=P1-15
Added Pin To Net: NetName=VBUS Pin=P2-1
Added Pin To Net: NetName=GND Pin=P2-2
Added Pin To Net: NetName=RB14 Pin=P2-3
Added Pin To Net: NetName=RB15 Pin=P2-4
Added Pin To Net: NetName=RB2 Pin=P2-5
Added Pin To Net: NetName=RC0 Pin=P2-6
Added Pin To Net: NetName=RC1 Pin=P2-7
Added Pin To Net: NetName=RC2 Pin=P2-8
Added Pin To Net: NetName=GND Pin=P2-9
Added Pin To Net: NetName=VBUS Pin=P2-10
Added Pin To Net: NetName=NetP3_1 Pin=P3-1
Added Pin To Net: NetName=NetP3_2 Pin=P3-2
Added Pin To Net: NetName=NetP3_3 Pin=P3-3
Added Pin To Net: NetName=NetP3_4 Pin=P3-4
Added Pin To Net: NetName=NetP3_5 Pin=P3-5
Added Pin To Net: NetName=NetR5_1 Pin=W1-1
Added Pin To Net: NetName=NetC9_2 Pin=W1-2
Added Member To Class: ClassName=EnviroMon-p1 Member=Component J3 USB C Receptable
Added Member To Class: ClassName=EnviroMon-p1 Member=Component P1 Header 15
Added Member To Class: ClassName=EnviroMon-p1 Member=Component P2 Header 10
Added Member To Class: ClassName=EnviroMon-p1 Member=Component P3 Header 5
Added Member To Class: ClassName=EnviroMon-p1 Member=Component W1 Jumper
