Added Pin To Net: NetName=GND Pin=R24-1
Added Pin To Net: NetName=GND Pin=R30-1
Added Pin To Net: NetName=GND Pin=R30-2
Added Pin To Net: NetName=GND Pin=R30-3
Added Pin To Net: NetName=GND Pin=R30-4
Added Pin To Net: NetName=GND Pin=R31-1
Added Pin To Net: NetName=GND Pin=R31-2
Added Pin To Net: NetName=GND Pin=R31-3
Added Pin To Net: NetName=GND Pin=R31-4
Added Pin To Net: NetName=GND Pin=U10-1
Added Pin To Net: NetName=GND Pin=U10-10
Added Pin To Net: NetName=GND Pin=U10-12
Added Member To Class: ClassName=EnviroMon-p1 Member=Component C17 Cap
Added Member To Class: ClassName=EnviroMon-p1 Member=Component C18 Cap
Added Member To Class: ClassName=EnviroMon-p1 Member=Component P1 Header 9
Added Member To Class: ClassName=EnviroMon-p1 Member=Component R3 Res1
Added Member To Class: ClassName=EnviroMon-p1 Member=Component R5 Res1
Added Member To Class: ClassName=EnviroMon-p1 Member=Component R7 Res1
Added Member To Class: ClassName=EnviroMon-p1 Member=Component R9 Res1
Added Member To Class: ClassName=EnviroMon-p1 Member=Component R14 Res1
Added Member To Class: ClassName=EnviroMon-p1 Member=Component R18 Res1
Added Member To Class: ClassName=EnviroMon-p1 Member=Component R20 Res1
Added Member To Class: ClassName=EnviroMon-p1 Member=Component R22 Res1
Added Member To Class: ClassName=EnviroMon-p1 Member=Component R24 Res1
Added Member To Class: ClassName=EnviroMon-p1 Member=Component R26 Res1
Added Member To Class: ClassName=EnviroMon-p1 Member=Component R28 Res1
Added Member To Class: ClassName=EnviroMon-p1 Member=Component U6 Precision Voltage Reference
