Change Component Parameter Comment in D3 Old= New=CYN
Change Component Parameter Comment in D5 Old= New=CYN
Change Component Parameter Comment in D6 Old= New=GRN
Change Component Parameter Comment in D7 Old= New=ORN
Change Component Parameter Comment in D8 Old= New=RED
Change Component Parameter Comment in D9 Old= New=GRN
Change Component Parameter Comment in D10 Old= New=GRN
Change Component Parameter Comment in D11 Old= New=GRN
Change Component Parameter Comment in D12 Old= New=RED
Change Component Parameter Comment in D13 Old= New=RED
Change Component Parameter Comment in D14 Old= New=RED
Change Component Parameter Comment in D15 Old= New=RED
Change Component Parameter Comment in D16 Old= New=GRN
Change Component Parameter Comment in D17 Old= New=GRN
Change Component Parameter Comment in Y1 Old= New=32.768kHz
Replace Symbol from BT1 Battery in C:\Users\eddyk\OneDrive - Okanagan College\winter 2022\elen 227\227 project\EnviroMon\EnviroMon-altium\EnviroMon\EnviroMon-p1.SchDoc with Battery from EnviroMon.SchLib
Replace Symbol from C1 cap 1u in C:\Users\eddyk\OneDrive - Okanagan College\winter 2022\elen 227\227 project\EnviroMon\EnviroMon-altium\EnviroMon\EnviroMon-p1.SchDoc with cap 1u from EnviroMon.SchLib
Replace Symbol from C2 cap 1u in C:\Users\eddyk\OneDrive - Okanagan College\winter 2022\elen 227\227 project\EnviroMon\EnviroMon-altium\EnviroMon\EnviroMon-p1.SchDoc with cap 1u from EnviroMon.SchLib
Replace Symbol from C3 cap 1u in C:\Users\eddyk\OneDrive - Okanagan College\winter 2022\elen 227\227 project\EnviroMon\EnviroMon-altium\EnviroMon\EnviroMon-p1.SchDoc with cap 1u from EnviroMon.SchLib
Replace Symbol from C4 cap 1u in C:\Users\eddyk\OneDrive - Okanagan College\winter 2022\elen 227\227 project\EnviroMon\EnviroMon-altium\EnviroMon\EnviroMon-p1.SchDoc with cap 1u from EnviroMon.SchLib
Replace Symbol from C5 cap 4.7u in C:\Users\eddyk\OneDrive - Okanagan College\winter 2022\elen 227\227 project\EnviroMon\EnviroMon-altium\EnviroMon\EnviroMon-p1.SchDoc with cap 4.7u from EnviroMon.SchLib
Replace Symbol from C6 cap 4.7u in C:\Users\eddyk\OneDrive - Okanagan College\winter 2022\elen 227\227 project\EnviroMon\EnviroMon-altium\EnviroMon\EnviroMon-p1.SchDoc with cap 4.7u from EnviroMon.SchLib
Replace Symbol from C7 cap 4.7u in C:\Users\eddyk\OneDrive - Okanagan College\winter 2022\elen 227\227 project\EnviroMon\EnviroMon-altium\EnviroMon\EnviroMon-p1.SchDoc with cap 4.7u from EnviroMon.SchLib
Replace Symbol from C8 cap 0.1u in C:\Users\eddyk\OneDrive - Okanagan College\winter 2022\elen 227\227 project\EnviroMon\EnviroMon-altium\EnviroMon\EnviroMon-p1.SchDoc with cap 0.1u from EnviroMon.SchLib
Replace Symbol from C9 cap 0.1u in C:\Users\eddyk\OneDrive - Okanagan College\winter 2022\elen 227\227 project\EnviroMon\EnviroMon-altium\EnviroMon\EnviroMon-p1.SchDoc with cap 0.1u from EnviroMon.SchLib
Replace Symbol from C14 cap 2.2u in C:\Users\eddyk\OneDrive - Okanagan College\winter 2022\elen 227\227 project\EnviroMon\EnviroMon-altium\EnviroMon\EnviroMon-p1.SchDoc with cap 2.2u from EnviroMon.SchLib
Replace Symbol from C15 cap 2.2u in C:\Users\eddyk\OneDrive - Okanagan College\winter 2022\elen 227\227 project\EnviroMon\EnviroMon-altium\EnviroMon\EnviroMon-p1.SchDoc with cap 2.2u from EnviroMon.SchLib
Replace Symbol from C16 cap 1u in C:\Users\eddyk\OneDrive - Okanagan College\winter 2022\elen 227\227 project\EnviroMon\EnviroMon-altium\EnviroMon\EnviroMon-p1.SchDoc with cap 1u from EnviroMon.SchLib
Replace Symbol from C17 cap 1u in C:\Users\eddyk\OneDrive - Okanagan College\winter 2022\elen 227\227 project\EnviroMon\EnviroMon-altium\EnviroMon\EnviroMon-p1.SchDoc with cap 1u from EnviroMon.SchLib
Replace Symbol from C18 cap 10u in C:\Users\eddyk\OneDrive - Okanagan College\winter 2022\elen 227\227 project\EnviroMon\EnviroMon-altium\EnviroMon\EnviroMon-p1.SchDoc with cap 10u from EnviroMon.SchLib
Replace Symbol from C19 cap ??? in C:\Users\eddyk\OneDrive - Okanagan College\winter 2022\elen 227\227 project\EnviroMon\EnviroMon-altium\EnviroMon\EnviroMon-p1.SchDoc with cap ??? from EnviroMon.SchLib
Replace Symbol from C20 cap 10n in C:\Users\eddyk\OneDrive - Okanagan College\winter 2022\elen 227\227 project\EnviroMon\EnviroMon-altium\EnviroMon\EnviroMon-p1.SchDoc with cap 10n from EnviroMon.SchLib
Replace Symbol from C21 cap 10n in C:\Users\eddyk\OneDrive - Okanagan College\winter 2022\elen 227\227 project\EnviroMon\EnviroMon-altium\EnviroMon\EnviroMon-p1.SchDoc with cap 10n from EnviroMon.SchLib
Replace Symbol from C22 cap ??? in C:\Users\eddyk\OneDrive - Okanagan College\winter 2022\elen 227\227 project\EnviroMon\EnviroMon-altium\EnviroMon\EnviroMon-p1.SchDoc with cap ??? from EnviroMon.SchLib
Replace Symbol from C23 cap ??? in C:\Users\eddyk\OneDrive - Okanagan College\winter 2022\elen 227\227 project\EnviroMon\EnviroMon-altium\EnviroMon\EnviroMon-p1.SchDoc with cap ??? from EnviroMon.SchLib
Replace Symbol from D1 CUS08F30,H3F in C:\Users\eddyk\OneDrive - Okanagan College\winter 2022\elen 227\227 project\EnviroMon\EnviroMon-altium\EnviroMon\EnviroMon-p1.SchDoc with CUS08F30,H3F from EnviroMon.SchLib
Replace Symbol from D2 CUS08F30,H3F in C:\Users\eddyk\OneDrive - Okanagan College\winter 2022\elen 227\227 project\EnviroMon\EnviroMon-altium\EnviroMon\EnviroMon-p1.SchDoc with CUS08F30,H3F from EnviroMon.SchLib
Replace Symbol from D3 LED-CYAN in C:\Users\eddyk\OneDrive - Okanagan College\winter 2022\elen 227\227 project\EnviroMon\EnviroMon-altium\EnviroMon\EnviroMon-p1.SchDoc with LED-CYAN from EnviroMon.SchLib
Replace Symbol from D4 CUS08F30,H3F in C:\Users\eddyk\OneDrive - Okanagan College\winter 2022\elen 227\227 project\EnviroMon\EnviroMon-altium\EnviroMon\EnviroMon-p1.SchDoc with CUS08F30,H3F from EnviroMon.SchLib
Replace Symbol from D5 LED-CYAN in C:\Users\eddyk\OneDrive - Okanagan College\winter 2022\elen 227\227 project\EnviroMon\EnviroMon-altium\EnviroMon\EnviroMon-p1.SchDoc with LED-CYAN from EnviroMon.SchLib
Replace Symbol from D6 LED-GREEN in C:\Users\eddyk\OneDrive - Okanagan College\winter 2022\elen 227\227 project\EnviroMon\EnviroMon-altium\EnviroMon\EnviroMon-p1.SchDoc with LED-GREEN from EnviroMon.SchLib
Replace Symbol from D7 LED-ORANGE in C:\Users\eddyk\OneDrive - Okanagan College\winter 2022\elen 227\227 project\EnviroMon\EnviroMon-altium\EnviroMon\EnviroMon-p1.SchDoc with LED-ORANGE from EnviroMon.SchLib
Replace Symbol from D8 LED-RED in C:\Users\eddyk\OneDrive - Okanagan College\winter 2022\elen 227\227 project\EnviroMon\EnviroMon-altium\EnviroMon\EnviroMon-p1.SchDoc with LED-RED from EnviroMon.SchLib
Replace Symbol from D9 LED-GREEN in C:\Users\eddyk\OneDrive - Okanagan College\winter 2022\elen 227\227 project\EnviroMon\EnviroMon-altium\EnviroMon\EnviroMon-p1.SchDoc with LED-GREEN from EnviroMon.SchLib
Replace Symbol from D10 LED-GREEN in C:\Users\eddyk\OneDrive - Okanagan College\winter 2022\elen 227\227 project\EnviroMon\EnviroMon-altium\EnviroMon\EnviroMon-p1.SchDoc with LED-GREEN from EnviroMon.SchLib
Replace Symbol from D11 LED-GREEN in C:\Users\eddyk\OneDrive - Okanagan College\winter 2022\elen 227\227 project\EnviroMon\EnviroMon-altium\EnviroMon\EnviroMon-p1.SchDoc with LED-GREEN from EnviroMon.SchLib
Replace Symbol from D12 LED-RED in C:\Users\eddyk\OneDrive - Okanagan College\winter 2022\elen 227\227 project\EnviroMon\EnviroMon-altium\EnviroMon\EnviroMon-p1.SchDoc with LED-RED from EnviroMon.SchLib
Replace Symbol from D13 LED-RED in C:\Users\eddyk\OneDrive - Okanagan College\winter 2022\elen 227\227 project\EnviroMon\EnviroMon-altium\EnviroMon\EnviroMon-p1.SchDoc with LED-RED from EnviroMon.SchLib
Replace Symbol from D14 LED-RED in C:\Users\eddyk\OneDrive - Okanagan College\winter 2022\elen 227\227 project\EnviroMon\EnviroMon-altium\EnviroMon\EnviroMon-p1.SchDoc with LED-RED from EnviroMon.SchLib
Replace Symbol from D15 LED-RED in C:\Users\eddyk\OneDrive - Okanagan College\winter 2022\elen 227\227 project\EnviroMon\EnviroMon-altium\EnviroMon\EnviroMon-p1.SchDoc with LED-RED from EnviroMon.SchLib
Replace Symbol from D16 LED-GREEN in C:\Users\eddyk\OneDrive - Okanagan College\winter 2022\elen 227\227 project\EnviroMon\EnviroMon-altium\EnviroMon\EnviroMon-p1.SchDoc with LED-GREEN from EnviroMon.SchLib
Replace Symbol from D17 LED-GREEN in C:\Users\eddyk\OneDrive - Okanagan College\winter 2022\elen 227\227 project\EnviroMon\EnviroMon-altium\EnviroMon\EnviroMon-p1.SchDoc with LED-GREEN from EnviroMon.SchLib
Replace Symbol from E1 SMA connector in C:\Users\eddyk\OneDrive - Okanagan College\winter 2022\elen 227\227 project\EnviroMon\EnviroMon-altium\EnviroMon\EnviroMon-p1.SchDoc with SMA connector from EnviroMon.SchLib
Replace Symbol from F1 NANOSMDC050F/13.2-2 in C:\Users\eddyk\OneDrive - Okanagan College\winter 2022\elen 227\227 project\EnviroMon\EnviroMon-altium\EnviroMon\EnviroMon-p1.SchDoc with NANOSMDC050F/13.2-2 from EnviroMon.SchLib
Replace Symbol from F2 NANOSMDC150F-2 in C:\Users\eddyk\OneDrive - Okanagan College\winter 2022\elen 227\227 project\EnviroMon\EnviroMon-altium\EnviroMon\EnviroMon-p1.SchDoc with NANOSMDC150F-2 from EnviroMon.SchLib
Replace Symbol from FB1 ferrite bead in C:\Users\eddyk\OneDrive - Okanagan College\winter 2022\elen 227\227 project\EnviroMon\EnviroMon-altium\EnviroMon\EnviroMon-p1.SchDoc with ferrite bead from EnviroMon.SchLib
Replace Symbol from J1 ICSP header in C:\Users\eddyk\OneDrive - Okanagan College\winter 2022\elen 227\227 project\EnviroMon\EnviroMon-altium\EnviroMon\EnviroMon-p1.SchDoc with ICSP header from EnviroMon.SchLib
Replace Symbol from J2 JST-PH in C:\Users\eddyk\OneDrive - Okanagan College\winter 2022\elen 227\227 project\EnviroMon\EnviroMon-altium\EnviroMon\EnviroMon-p1.SchDoc with JST-PH from EnviroMon.SchLib
Replace Symbol from J3 USB4510-03-1-A in C:\Users\eddyk\OneDrive - Okanagan College\winter 2022\elen 227\227 project\EnviroMon\EnviroMon-altium\EnviroMon\EnviroMon-p1.SchDoc with USB4510-03-1-A from EnviroMon.SchLib
Replace Symbol from P1 Header 15 in C:\Users\eddyk\OneDrive - Okanagan College\winter 2022\elen 227\227 project\EnviroMon\EnviroMon-altium\EnviroMon\EnviroMon-p1.SchDoc with Header 15 from EnviroMon.SchLib
Replace Symbol from P2 Header 10 in C:\Users\eddyk\OneDrive - Okanagan College\winter 2022\elen 227\227 project\EnviroMon\EnviroMon-altium\EnviroMon\EnviroMon-p1.SchDoc with Header 10 from EnviroMon.SchLib
Replace Symbol from P3 Header 5 in C:\Users\eddyk\OneDrive - Okanagan College\winter 2022\elen 227\227 project\EnviroMon\EnviroMon-altium\EnviroMon\EnviroMon-p1.SchDoc with Header 5 from EnviroMon.SchLib
Replace Symbol from R1 resistor ??? in C:\Users\eddyk\OneDrive - Okanagan College\winter 2022\elen 227\227 project\EnviroMon\EnviroMon-altium\EnviroMon\EnviroMon-p1.SchDoc with resistor ??? from EnviroMon.SchLib
Replace Symbol from R2 resistor ??? in C:\Users\eddyk\OneDrive - Okanagan College\winter 2022\elen 227\227 project\EnviroMon\EnviroMon-altium\EnviroMon\EnviroMon-p1.SchDoc with resistor ??? from EnviroMon.SchLib
Replace Symbol from R3 resistor 3.3k in C:\Users\eddyk\OneDrive - Okanagan College\winter 2022\elen 227\227 project\EnviroMon\EnviroMon-altium\EnviroMon\EnviroMon-p1.SchDoc with resistor 3.3k from EnviroMon.SchLib
Replace Symbol from R4 resistor 1k in C:\Users\eddyk\OneDrive - Okanagan College\winter 2022\elen 227\227 project\EnviroMon\EnviroMon-altium\EnviroMon\EnviroMon-p1.SchDoc with resistor 1k from EnviroMon.SchLib
Replace Symbol from R5 resistor 10k in C:\Users\eddyk\OneDrive - Okanagan College\winter 2022\elen 227\227 project\EnviroMon\EnviroMon-altium\EnviroMon\EnviroMon-p1.SchDoc with resistor 10k from EnviroMon.SchLib
Replace Symbol from R6 resistor ??? in C:\Users\eddyk\OneDrive - Okanagan College\winter 2022\elen 227\227 project\EnviroMon\EnviroMon-altium\EnviroMon\EnviroMon-p1.SchDoc with resistor ??? from EnviroMon.SchLib
Replace Symbol from R7 resistor ??? in C:\Users\eddyk\OneDrive - Okanagan College\winter 2022\elen 227\227 project\EnviroMon\EnviroMon-altium\EnviroMon\EnviroMon-p1.SchDoc with resistor ??? from EnviroMon.SchLib
Replace Symbol from R8 resistor ??? in C:\Users\eddyk\OneDrive - Okanagan College\winter 2022\elen 227\227 project\EnviroMon\EnviroMon-altium\EnviroMon\EnviroMon-p1.SchDoc with resistor ??? from EnviroMon.SchLib
Replace Symbol from R9 resistor 470 in C:\Users\eddyk\OneDrive - Okanagan College\winter 2022\elen 227\227 project\EnviroMon\EnviroMon-altium\EnviroMon\EnviroMon-p1.SchDoc with resistor 470 from EnviroMon.SchLib
Replace Symbol from R12 resistor 5.1k in C:\Users\eddyk\OneDrive - Okanagan College\winter 2022\elen 227\227 project\EnviroMon\EnviroMon-altium\EnviroMon\EnviroMon-p1.SchDoc with resistor 5.1k from EnviroMon.SchLib
Replace Symbol from R13 resistor 5.1k in C:\Users\eddyk\OneDrive - Okanagan College\winter 2022\elen 227\227 project\EnviroMon\EnviroMon-altium\EnviroMon\EnviroMon-p1.SchDoc with resistor 5.1k from EnviroMon.SchLib
Replace Symbol from R14 resistor 50 in C:\Users\eddyk\OneDrive - Okanagan College\winter 2022\elen 227\227 project\EnviroMon\EnviroMon-altium\EnviroMon\EnviroMon-p1.SchDoc with resistor 50 from EnviroMon.SchLib
Replace Symbol from R15 resistor ??? in C:\Users\eddyk\OneDrive - Okanagan College\winter 2022\elen 227\227 project\EnviroMon\EnviroMon-altium\EnviroMon\EnviroMon-p1.SchDoc with resistor ??? from EnviroMon.SchLib
Replace Symbol from R16 resistor ??? in C:\Users\eddyk\OneDrive - Okanagan College\winter 2022\elen 227\227 project\EnviroMon\EnviroMon-altium\EnviroMon\EnviroMon-p1.SchDoc with resistor ??? from EnviroMon.SchLib
Replace Symbol from R17 resistor ??? in C:\Users\eddyk\OneDrive - Okanagan College\winter 2022\elen 227\227 project\EnviroMon\EnviroMon-altium\EnviroMon\EnviroMon-p1.SchDoc with resistor ??? from EnviroMon.SchLib
Replace Symbol from R18 resistor 75k in C:\Users\eddyk\OneDrive - Okanagan College\winter 2022\elen 227\227 project\EnviroMon\EnviroMon-altium\EnviroMon\EnviroMon-p1.SchDoc with resistor 75k from EnviroMon.SchLib
Replace Symbol from R19 resistor 75k in C:\Users\eddyk\OneDrive - Okanagan College\winter 2022\elen 227\227 project\EnviroMon\EnviroMon-altium\EnviroMon\EnviroMon-p1.SchDoc with resistor 75k from EnviroMon.SchLib
Replace Symbol from R20 resistor ??? in C:\Users\eddyk\OneDrive - Okanagan College\winter 2022\elen 227\227 project\EnviroMon\EnviroMon-altium\EnviroMon\EnviroMon-p1.SchDoc with resistor ??? from EnviroMon.SchLib
Replace Symbol from R21 resistor ??? in C:\Users\eddyk\OneDrive - Okanagan College\winter 2022\elen 227\227 project\EnviroMon\EnviroMon-altium\EnviroMon\EnviroMon-p1.SchDoc with resistor ??? from EnviroMon.SchLib
Replace Symbol from R22 resistor ??? in C:\Users\eddyk\OneDrive - Okanagan College\winter 2022\elen 227\227 project\EnviroMon\EnviroMon-altium\EnviroMon\EnviroMon-p1.SchDoc with resistor ??? from EnviroMon.SchLib
Replace Symbol from R23 resistor ??? in C:\Users\eddyk\OneDrive - Okanagan College\winter 2022\elen 227\227 project\EnviroMon\EnviroMon-altium\EnviroMon\EnviroMon-p1.SchDoc with resistor ??? from EnviroMon.SchLib
Replace Symbol from R24 resistor ??? in C:\Users\eddyk\OneDrive - Okanagan College\winter 2022\elen 227\227 project\EnviroMon\EnviroMon-altium\EnviroMon\EnviroMon-p1.SchDoc with resistor ??? from EnviroMon.SchLib
Replace Symbol from R25 resistor ??? in C:\Users\eddyk\OneDrive - Okanagan College\winter 2022\elen 227\227 project\EnviroMon\EnviroMon-altium\EnviroMon\EnviroMon-p1.SchDoc with resistor ??? from EnviroMon.SchLib
Replace Symbol from R26 resistor ??? in C:\Users\eddyk\OneDrive - Okanagan College\winter 2022\elen 227\227 project\EnviroMon\EnviroMon-altium\EnviroMon\EnviroMon-p1.SchDoc with resistor ??? from EnviroMon.SchLib
Replace Symbol from R27 resistor ??? in C:\Users\eddyk\OneDrive - Okanagan College\winter 2022\elen 227\227 project\EnviroMon\EnviroMon-altium\EnviroMon\EnviroMon-p1.SchDoc with resistor ??? from EnviroMon.SchLib
Replace Symbol from R28 resistor ??? in C:\Users\eddyk\OneDrive - Okanagan College\winter 2022\elen 227\227 project\EnviroMon\EnviroMon-altium\EnviroMon\EnviroMon-p1.SchDoc with resistor ??? from EnviroMon.SchLib
Replace Symbol from RT1 Thermistor in C:\Users\eddyk\OneDrive - Okanagan College\winter 2022\elen 227\227 project\EnviroMon\EnviroMon-altium\EnviroMon\EnviroMon-p1.SchDoc with Thermistor from EnviroMon.SchLib
Replace Symbol from S1 SW-SPDT in C:\Users\eddyk\OneDrive - Okanagan College\winter 2022\elen 227\227 project\EnviroMon\EnviroMon-altium\EnviroMon\EnviroMon-p1.SchDoc with SW-SPDT from EnviroMon.SchLib
Replace Symbol from S2 Push Button NO in C:\Users\eddyk\OneDrive - Okanagan College\winter 2022\elen 227\227 project\EnviroMon\EnviroMon-altium\EnviroMon\EnviroMon-p1.SchDoc with Push Button NO from Simulation Generic Components.IntLib
Replace Symbol from S3 SW-PB in C:\Users\eddyk\OneDrive - Okanagan College\winter 2022\elen 227\227 project\EnviroMon\EnviroMon-altium\EnviroMon\EnviroMon-p1.SchDoc with SW-PB from EnviroMon.SchLib
Replace Symbol from S4 SW-PB in C:\Users\eddyk\OneDrive - Okanagan College\winter 2022\elen 227\227 project\EnviroMon\EnviroMon-altium\EnviroMon\EnviroMon-p1.SchDoc with SW-PB from EnviroMon.SchLib
Replace Symbol from U1 TCR3UF28A,LM(CT in C:\Users\eddyk\OneDrive - Okanagan College\winter 2022\elen 227\227 project\EnviroMon\EnviroMon-altium\EnviroMon\EnviroMon-p1.SchDoc with TCR3UF28A,LM(CT from EnviroMon.SchLib
Replace Symbol from U2 TCR3UF28A,LM(CT in C:\Users\eddyk\OneDrive - Okanagan College\winter 2022\elen 227\227 project\EnviroMon\EnviroMon-altium\EnviroMon\EnviroMon-p1.SchDoc with TCR3UF28A,LM(CT from EnviroMon.SchLib
Replace Symbol from U3 MCP73837-FJI/UN in C:\Users\eddyk\OneDrive - Okanagan College\winter 2022\elen 227\227 project\EnviroMon\EnviroMon-altium\EnviroMon\EnviroMon-p1.SchDoc with MCP73837-FJI/UN from EnviroMon.SchLib
Replace Symbol from U4 BR25G512FVT-3GE2 in C:\Users\eddyk\OneDrive - Okanagan College\winter 2022\elen 227\227 project\EnviroMon\EnviroMon-altium\EnviroMon\EnviroMon-p1.SchDoc with BR25G512FVT-3GE2 from EnviroMon.SchLib
Replace Symbol from U5 PIC24FJ64GB004T-I/PT in C:\Users\eddyk\OneDrive - Okanagan College\winter 2022\elen 227\227 project\EnviroMon\EnviroMon-altium\EnviroMon\EnviroMon-p1.SchDoc with PIC24FJ64GB004T-I/PT from EnviroMon.SchLib
Replace Symbol from U6 MCP1501T-20E/CHY in C:\Users\eddyk\OneDrive - Okanagan College\winter 2022\elen 227\227 project\EnviroMon\EnviroMon-altium\EnviroMon\EnviroMon-p1.SchDoc with MCP1501T-20E/CHY from EnviroMon.SchLib
Replace Symbol from U7 DF3D18FU,LF in C:\Users\eddyk\OneDrive - Okanagan College\winter 2022\elen 227\227 project\EnviroMon\EnviroMon-altium\EnviroMon\EnviroMon-p1.SchDoc with DF3D18FU,LF from EnviroMon.SchLib
Replace Symbol from U8 TCR3UF28A,LM(CT in C:\Users\eddyk\OneDrive - Okanagan College\winter 2022\elen 227\227 project\EnviroMon\EnviroMon-altium\EnviroMon\EnviroMon-p1.SchDoc with TCR3UF28A,LM(CT from EnviroMon.SchLib
Replace Symbol from U9 RFM95W-915S2 in C:\Users\eddyk\OneDrive - Okanagan College\winter 2022\elen 227\227 project\EnviroMon\EnviroMon-altium\EnviroMon\EnviroMon-p1.SchDoc with RFM95W-915S2 from EnviroMon.SchLib
Replace Symbol from U10 MC74HC541ADWG in C:\Users\eddyk\OneDrive - Okanagan College\winter 2022\elen 227\227 project\EnviroMon\EnviroMon-altium\EnviroMon\EnviroMon-p1.SchDoc with MC74HC541ADWG from EnviroMon.SchLib
Replace Symbol from U11 MCP79411-I/MS in C:\Users\eddyk\OneDrive - Okanagan College\winter 2022\elen 227\227 project\EnviroMon\EnviroMon-altium\EnviroMon\EnviroMon-p1.SchDoc with MCP79411-I/MS from EnviroMon.SchLib
Replace Symbol from W1 Jumper in C:\Users\eddyk\OneDrive - Okanagan College\winter 2022\elen 227\227 project\EnviroMon\EnviroMon-altium\EnviroMon\EnviroMon-p1.SchDoc with Jumper from Miscellaneous Devices.IntLib
Replace Symbol from Y1 ECS-.327-7-12-C-TR in C:\Users\eddyk\OneDrive - Okanagan College\winter 2022\elen 227\227 project\EnviroMon\EnviroMon-altium\EnviroMon\EnviroMon-p1.SchDoc with ECS-.327-7-12-C-TR from EnviroMon.SchLib
