Replace Part C1 10u cap in C:\Users\eddyk\OneDrive - Okanagan College\winter 2022\elen 227\227 project\EnviroMon\EnviroMon-altium\EnviroMon\EnviroMon-p1.SchDoc with 10u cap from EnviroMon.SchLib
Replace Part C2 10u cap in C:\Users\eddyk\OneDrive - Okanagan College\winter 2022\elen 227\227 project\EnviroMon\EnviroMon-altium\EnviroMon\EnviroMon-p1.SchDoc with 10u cap from EnviroMon.SchLib
Replace Part C3 Cap in C:\Users\eddyk\OneDrive - Okanagan College\winter 2022\elen 227\227 project\EnviroMon\EnviroMon-altium\EnviroMon\EnviroMon-p1.SchDoc with Cap from Miscellaneous Devices.IntLib
Replace Part C4 0.1u cap in C:\Users\eddyk\OneDrive - Okanagan College\winter 2022\elen 227\227 project\EnviroMon\EnviroMon-altium\EnviroMon\EnviroMon-p1.SchDoc with 0.1u cap from EnviroMon.SchLib
Replace Part C5 0.1u cap in C:\Users\eddyk\OneDrive - Okanagan College\winter 2022\elen 227\227 project\EnviroMon\EnviroMon-altium\EnviroMon\EnviroMon-p1.SchDoc with 0.1u cap from EnviroMon.SchLib
Replace Part C6 0.1u cap in C:\Users\eddyk\OneDrive - Okanagan College\winter 2022\elen 227\227 project\EnviroMon\EnviroMon-altium\EnviroMon\EnviroMon-p1.SchDoc with 0.1u cap from EnviroMon.SchLib
Replace Part C7 10u cap in C:\Users\eddyk\OneDrive - Okanagan College\winter 2022\elen 227\227 project\EnviroMon\EnviroMon-altium\EnviroMon\EnviroMon-p1.SchDoc with 10u cap from EnviroMon.SchLib
Replace Part D1 CUS08F30,H3F in C:\Users\eddyk\OneDrive - Okanagan College\winter 2022\elen 227\227 project\EnviroMon\EnviroMon-altium\EnviroMon\EnviroMon-p1.SchDoc with CUS08F30,H3F from EnviroMon.SchLib
Replace Part D2 CUS08F30,H3F in C:\Users\eddyk\OneDrive - Okanagan College\winter 2022\elen 227\227 project\EnviroMon\EnviroMon-altium\EnviroMon\EnviroMon-p1.SchDoc with CUS08F30,H3F from EnviroMon.SchLib
Replace Part D3 LED2 in C:\Users\eddyk\OneDrive - Okanagan College\winter 2022\elen 227\227 project\EnviroMon\EnviroMon-altium\EnviroMon\EnviroMon-p1.SchDoc with LED2 from Miscellaneous Devices.IntLib
Replace Part D4 LED1 in C:\Users\eddyk\OneDrive - Okanagan College\winter 2022\elen 227\227 project\EnviroMon\EnviroMon-altium\EnviroMon\EnviroMon-p1.SchDoc with LED1 from Miscellaneous Devices.IntLib
Replace Part J1 JST-PH in C:\Users\eddyk\OneDrive - Okanagan College\winter 2022\elen 227\227 project\EnviroMon\EnviroMon-altium\EnviroMon\EnviroMon-p1.SchDoc with JST-PH from EnviroMon.SchLib
Replace Part J2 USB4510-03-1-A in C:\Users\eddyk\OneDrive - Okanagan College\winter 2022\elen 227\227 project\EnviroMon\EnviroMon-altium\EnviroMon\EnviroMon-p1.SchDoc with USB4510-03-1-A from EnviroMon.SchLib
Replace Part R1 Res1 in C:\Users\eddyk\OneDrive - Okanagan College\winter 2022\elen 227\227 project\EnviroMon\EnviroMon-altium\EnviroMon\EnviroMon-p1.SchDoc with Res1 from Miscellaneous Devices.IntLib
Replace Part R2 Res1 in C:\Users\eddyk\OneDrive - Okanagan College\winter 2022\elen 227\227 project\EnviroMon\EnviroMon-altium\EnviroMon\EnviroMon-p1.SchDoc with Res1 from Miscellaneous Devices.IntLib
Replace Part R3 Res1 in C:\Users\eddyk\OneDrive - Okanagan College\winter 2022\elen 227\227 project\EnviroMon\EnviroMon-altium\EnviroMon\EnviroMon-p1.SchDoc with Res1 from Miscellaneous Devices.IntLib
Replace Part R4 Res1 in C:\Users\eddyk\OneDrive - Okanagan College\winter 2022\elen 227\227 project\EnviroMon\EnviroMon-altium\EnviroMon\EnviroMon-p1.SchDoc with Res1 from Miscellaneous Devices.IntLib
Replace Part R5 Res1 in C:\Users\eddyk\OneDrive - Okanagan College\winter 2022\elen 227\227 project\EnviroMon\EnviroMon-altium\EnviroMon\EnviroMon-p1.SchDoc with Res1 from Miscellaneous Devices.IntLib
Replace Part R6 Res1 in C:\Users\eddyk\OneDrive - Okanagan College\winter 2022\elen 227\227 project\EnviroMon\EnviroMon-altium\EnviroMon\EnviroMon-p1.SchDoc with Res1 from Miscellaneous Devices.IntLib
Replace Part R7 Res1 in C:\Users\eddyk\OneDrive - Okanagan College\winter 2022\elen 227\227 project\EnviroMon\EnviroMon-altium\EnviroMon\EnviroMon-p1.SchDoc with Res1 from Miscellaneous Devices.IntLib
Replace Part R8 Res1 in C:\Users\eddyk\OneDrive - Okanagan College\winter 2022\elen 227\227 project\EnviroMon\EnviroMon-altium\EnviroMon\EnviroMon-p1.SchDoc with Res1 from Miscellaneous Devices.IntLib
Replace Part R9 Res1 in C:\Users\eddyk\OneDrive - Okanagan College\winter 2022\elen 227\227 project\EnviroMon\EnviroMon-altium\EnviroMon\EnviroMon-p1.SchDoc with Res1 from Miscellaneous Devices.IntLib
Replace Part U1 S-1333D30-M5T1U3 in C:\Users\eddyk\OneDrive - Okanagan College\winter 2022\elen 227\227 project\EnviroMon\EnviroMon-altium\EnviroMon\EnviroMon-p1.SchDoc with S-1333D30-M5T1U3 from EnviroMon.SchLib
Replace Part U2 MCP73832T-2ACI/OT in C:\Users\eddyk\OneDrive - Okanagan College\winter 2022\elen 227\227 project\EnviroMon\EnviroMon-altium\EnviroMon\EnviroMon-p1.SchDoc with MCP73832T-2ACI/OT from EnviroMon.SchLib
Replace Part U3 BR25G512FVT-3GE2 in C:\Users\eddyk\OneDrive - Okanagan College\winter 2022\elen 227\227 project\EnviroMon\EnviroMon-altium\EnviroMon\EnviroMon-p1.SchDoc with BR25G512FVT-3GE2 from EnviroMon.SchLib
Replace Part U4 PIC24FJ64GB004T-I/PT in C:\Users\eddyk\OneDrive - Okanagan College\winter 2022\elen 227\227 project\EnviroMon\EnviroMon-altium\EnviroMon\EnviroMon-p1.SchDoc with PIC24FJ64GB004T-I/PT from EnviroMon.SchLib
