Added Component: Designator=U10(OCTAL BUFFER SOIC)
Add component (AddParameter): Name = "Case/Package"; Value = "SOIC"; VariantName = "[No Variations]"
Add component (AddParameter): Name = "Category"; Value = "Amplifiers - Op Amps, Buffer, Instrumentation"; VariantName = "[No Variations]"
Add component (AddParameter): Name = "ComponentLink1Description"; Value = "https://datasheet.ciiva.com/15094/getdatasheetpartid-72100-15094514.pdf?src-supplier=Verical"; VariantName = "[No Variations]"
Add component (AddParameter): Name = "ComponentLink1URL"; Value = "https://datasheet.ciiva.com/15094/getdatasheetpartid-72100-15094514.pdf?src-supplier=Verical"; VariantName = "[No Variations]"
Add component (AddParameter): Name = "ComponentLink2Description"; Value = "https://datasheet.ciiva.com/19477/796301-19477328.pdf?src-supplier=Jameco"; VariantName = "[No Variations]"
Add component (AddParameter): Name = "ComponentLink2URL"; Value = "https://datasheet.ciiva.com/19477/796301-19477328.pdf?src-supplier=Jameco"; VariantName = "[No Variations]"
Add component (AddParameter): Name = "ComponentLink3Description"; Value = "https://datasheet.ciiva.com/1835/mc74hc541a-d-1835370.pdf?src-supplier=Digi-Key"; VariantName = "[No Variations]"
Add component (AddParameter): Name = "ComponentLink3URL"; Value = "https://datasheet.ciiva.com/1835/mc74hc541a-d-1835370.pdf?src-supplier=Digi-Key"; VariantName = "[No Variations]"
Add component (AddParameter): Name = "ComponentLink4Description"; Value = "https://datasheet.ciiva.com/16395/mc74hc541a-d-16395608.pdf?src-supplier=Future+Electronics"; VariantName = "[No Variations]"
Add component (AddParameter): Name = "ComponentLink4URL"; Value = "https://datasheet.ciiva.com/16395/mc74hc541a-d-16395608.pdf?src-supplier=Future+Electronics"; VariantName = "[No Variations]"
Add component (AddParameter): Name = "ComponentLink5Description"; Value = "https://datasheet.ciiva.com/7970/mc74hc541a-d-7970901.pdf?src-supplier=Element14"; VariantName = "[No Variations]"
Add component (AddParameter): Name = "ComponentLink5URL"; Value = "https://datasheet.ciiva.com/7970/mc74hc541a-d-7970901.pdf?src-supplier=Element14"; VariantName = "[No Variations]"
Add component (AddParameter): Name = "Current Rating"; Value = "54A"; VariantName = "[No Variations]"
Add component (AddParameter): Name = "Halogen Free"; Value = "Halogen Free"; VariantName = "[No Variations]"
Add component (AddParameter): Name = "Height"; Value = "2.4mm"; VariantName = "[No Variations]"
Add component (AddParameter): Name = "High Level Output Current"; Value = "-7.8mA"; VariantName = "[No Variations]"
Add component (AddParameter): Name = "Lead Free"; Value = "Lead Free"; VariantName = "[No Variations]"
Add component (AddParameter): Name = "Length"; Value = "12.95mm"; VariantName = "[No Variations]"
Add component (AddParameter): Name = "Logic Function"; Value = "Buffer,Inverting,Receiver"; VariantName = "[No Variations]"
Add component (AddParameter): Name = "Low Level Output Current"; Value = "7.8mA"; VariantName = "[No Variations]"
Add component (AddParameter): Name = "Manufacturer"; Value = "ON Semiconductor"; VariantName = "[No Variations]"
Add component (AddParameter): Name = "Manufacturer Part Number"; Value = "MC74HC541ADWG"; VariantName = "[No Variations]"
Add component (AddParameter): Name = "Max Operating Temperature"; Value = "125°C"; VariantName = "[No Variations]"
Add component (AddParameter): Name = "Max Power Dissipation"; Value = "500mW"; VariantName = "[No Variations]"
Add component (AddParameter): Name = "Max Supply Voltage"; Value = "6V"; VariantName = "[No Variations]"
Add component (AddParameter): Name = "Min Operating Temperature"; Value = "-55°C"; VariantName = "[No Variations]"
Add component (AddParameter): Name = "Min Supply Voltage"; Value = "2V"; VariantName = "[No Variations]"
Add component (AddParameter): Name = "Mount"; Value = "Surface Mount"; VariantName = "[No Variations]"
Add component (AddParameter): Name = "Number of Bits"; Value = "8"; VariantName = "[No Variations]"
Add component (AddParameter): Name = "Number of Bits per Element"; Value = "8"; VariantName = "[No Variations]"
Add component (AddParameter): Name = "Number of Channels"; Value = "8"; VariantName = "[No Variations]"
Add component (AddParameter): Name = "Number of Elements"; Value = "1"; VariantName = "[No Variations]"
Add component (AddParameter): Name = "Number of Functions"; Value = "3"; VariantName = "[No Variations]"
Add component (AddParameter): Name = "Number of Input Lines"; Value = "8"; VariantName = "[No Variations]"
Add component (AddParameter): Name = "Number of Inputs"; Value = "8"; VariantName = "[No Variations]"
Add component (AddParameter): Name = "Number of Output Lines"; Value = "3"; VariantName = "[No Variations]"
Add component (AddParameter): Name = "Number of Outputs"; Value = "8"; VariantName = "[No Variations]"
Add component (AddParameter): Name = "Number of Pins"; Value = "20"; VariantName = "[No Variations]"
Add component (AddParameter): Name = "Output Type"; Value = "3-STATE"; VariantName = "[No Variations]"
Add component (AddParameter): Name = "Package Quantity"; Value = "38"; VariantName = "[No Variations]"
Add component (AddParameter): Name = "Packaging"; Value = "Rail/Tube"; VariantName = "[No Variations]"
Add component (AddParameter): Name = "Polarity"; Value = "Non-Inverting"; VariantName = "[No Variations]"
Add component (AddParameter): Name = "Pricing 1"; Value = "1=0.83000, 10=0.72800, 25=0.68360, 100=0.55780, 250=0.51812, 500=0.44096, 1000=0.36400 (USD)"; VariantName = "[No Variations]"
Add component (AddParameter): Name = "Propagation Delay"; Value = "165ns"; VariantName = "[No Variations]"
Add component (AddParameter): Name = "Quiescent Current"; Value = "4uA"; VariantName = "[No Variations]"
Add component (AddParameter): Name = "Radiation Hardening"; Value = "No"; VariantName = "[No Variations]"
Add component (AddParameter): Name = "REACH SVHC"; Value = "No SVHC"; VariantName = "[No Variations]"
Add component (AddParameter): Name = "RoHS"; Value = "Yes"; VariantName = "[No Variations]"
Add component (AddParameter): Name = "RoHS Compliant"; Value = "Yes"; VariantName = "[No Variations]"
Add component (AddParameter): Name = "Series"; Value = "74HC"; VariantName = "[No Variations]"
Add component (AddParameter): Name = "Stock 1"; Value = "434"; VariantName = "[No Variations]"
Add component (AddParameter): Name = "Supplier 1"; Value = "Digi-Key"; VariantName = "[No Variations]"
Add component (AddParameter): Name = "Supplier Part Number 1"; Value = "MC74HC541ADWGOS-ND"; VariantName = "[No Variations]"
Add component (AddParameter): Name = "Supply Voltage-Nom"; Value = "6V"; VariantName = "[No Variations]"
Add component (AddParameter): Name = "Technology"; Value = "CMOS"; VariantName = "[No Variations]"
Add component (AddParameter): Name = "Turn-On Delay Time"; Value = "80ns"; VariantName = "[No Variations]"
Add component (AddParameter): Name = "Width"; Value = "7.6mm"; VariantName = "[No Variations]"
Added Pin To Net: NetName=GND Pin=U10-1
Added Pin To Net: NetName=VREG Pin=U10-2
Added Pin To Net: NetName=VRF Pin=U10-3
Added Pin To Net: NetName=VBAT Pin=U10-4
Added Pin To Net: NetName=SCL Pin=U10-5
Added Pin To Net: NetName=SCLK Pin=U10-6
Added Pin To Net: NetName=MEMCLK Pin=U10-7
Added Pin To Net: NetName=INT0 Pin=U10-8
Added Pin To Net: NetName=INT1 Pin=U10-9
Added Pin To Net: NetName=GND Pin=U10-10
Added Pin To Net: NetName=VDBG Pin=U10-11
Added Pin To Net: NetName=GND Pin=U10-12
Added Pin To Net: NetName=LED-VREG Pin=U10-13
Added Pin To Net: NetName=LED-VRF Pin=U10-14
Added Pin To Net: NetName=LED-VBAT Pin=U10-15
Added Pin To Net: NetName=LED-SCL Pin=U10-16
Added Pin To Net: NetName=LED-SCLK Pin=U10-17
Added Pin To Net: NetName=LED-MCLK Pin=U10-18
Added Pin To Net: NetName=LED-INT0 Pin=U10-19
Added Pin To Net: NetName=LED-INT1 Pin=U10-20
Added Member To Class: ClassName=EnviroMon-p1 Member=Component U10 Octal Buffer
